[2023-08-17 09:20:53] local.ALERT:   
[2023-08-17 09:21:59] local.ALERT:   
[2023-08-17 09:21:59] local.ERROR: Class "League\Flysystem\Adapter\Local" not found {"exception":"[object] (Error(code: 0): Class \"League\\Flysystem\\Adapter\\Local\" not found at C:\\Dev\\Medsur\\back-alerte\\vendor\\illuminate\\filesystem\\FilesystemManager.php:179)
[stacktrace]
#0 C:\\Dev\\Medsur\\back-alerte\\vendor\\illuminate\\filesystem\\FilesystemManager.php(147): Illuminate\\Filesystem\\FilesystemManager->createLocalDriver(Array)
#1 C:\\Dev\\Medsur\\back-alerte\\vendor\\illuminate\\filesystem\\FilesystemManager.php(115): Illuminate\\Filesystem\\FilesystemManager->resolve('local')
#2 C:\\Dev\\Medsur\\back-alerte\\vendor\\illuminate\\filesystem\\FilesystemManager.php(78): Illuminate\\Filesystem\\FilesystemManager->get('local')
#3 C:\\Dev\\Medsur\\back-alerte\\vendor\\illuminate\\http\\UploadedFile.php(86): Illuminate\\Filesystem\\FilesystemManager->disk('local')
#4 C:\\Dev\\Medsur\\back-alerte\\app\\Http\\Controllers\\v1\\EtablissementController.php(142): Illuminate\\Http\\UploadedFile->storeAs('public/etabliss...', 'WhatsApp Image ...')
#5 C:\\Dev\\Medsur\\back-alerte\\vendor\\illuminate\\container\\BoundMethod.php(36): App\\Http\\Controllers\\v1\\EtablissementController->storeImage(Object(Laravel\\Lumen\\Http\\Request), '1')
#6 C:\\Dev\\Medsur\\back-alerte\\vendor\\illuminate\\container\\Util.php(40): Illuminate\\Container\\BoundMethod::Illuminate\\Container\\{closure}()
#7 C:\\Dev\\Medsur\\back-alerte\\vendor\\illuminate\\container\\BoundMethod.php(93): Illuminate\\Container\\Util::unwrapIfClosure(Object(Closure))
#8 C:\\Dev\\Medsur\\back-alerte\\vendor\\illuminate\\container\\BoundMethod.php(37): Illuminate\\Container\\BoundMethod::callBoundMethod(Object(Laravel\\Lumen\\Application), Array, Object(Closure))
#9 C:\\Dev\\Medsur\\back-alerte\\vendor\\illuminate\\container\\Container.php(653): Illuminate\\Container\\BoundMethod::call(Object(Laravel\\Lumen\\Application), Array, Array, NULL)
#10 C:\\Dev\\Medsur\\back-alerte\\vendor\\laravel\\lumen-framework\\src\\Concerns\\RoutesRequests.php(389): Illuminate\\Container\\Container->call(Array, Array)
#11 C:\\Dev\\Medsur\\back-alerte\\vendor\\laravel\\lumen-framework\\src\\Concerns\\RoutesRequests.php(355): Laravel\\Lumen\\Application->callControllerCallable(Array, Array)
#12 C:\\Dev\\Medsur\\back-alerte\\vendor\\laravel\\lumen-framework\\src\\Concerns\\RoutesRequests.php(329): Laravel\\Lumen\\Application->callLumenController(Object(App\\Http\\Controllers\\v1\\EtablissementController), 'storeImage', Array)
#13 C:\\Dev\\Medsur\\back-alerte\\vendor\\laravel\\lumen-framework\\src\\Concerns\\RoutesRequests.php(282): Laravel\\Lumen\\Application->callControllerAction(Array)
#14 C:\\Dev\\Medsur\\back-alerte\\vendor\\laravel\\lumen-framework\\src\\Concerns\\RoutesRequests.php(267): Laravel\\Lumen\\Application->callActionOnArrayBasedRoute(Array)
#15 C:\\Dev\\Medsur\\back-alerte\\vendor\\laravel\\lumen-framework\\src\\Concerns\\RoutesRequests.php(237): Laravel\\Lumen\\Application->handleFoundRoute(Array)
#16 C:\\Dev\\Medsur\\back-alerte\\vendor\\laravel\\lumen-framework\\src\\Concerns\\RoutesRequests.php(173): Laravel\\Lumen\\Application->handleDispatcherResponse(Array)
#17 C:\\Dev\\Medsur\\back-alerte\\vendor\\laravel\\lumen-framework\\src\\Routing\\Pipeline.php(48): Laravel\\Lumen\\Application->Laravel\\Lumen\\Concerns\\{closure}(Object(Laravel\\Lumen\\Http\\Request))
#18 C:\\Dev\\Medsur\\back-alerte\\app\\Http\\Middleware\\AuthenticateAccess.php(28): Laravel\\Lumen\\Routing\\Pipeline->Laravel\\Lumen\\Routing\\{closure}(Object(Laravel\\Lumen\\Http\\Request))
#19 C:\\Dev\\Medsur\\back-alerte\\vendor\\illuminate\\pipeline\\Pipeline.php(167): App\\Http\\Middleware\\AuthenticateAccess->handle(Object(Laravel\\Lumen\\Http\\Request), Object(Closure))
#20 C:\\Dev\\Medsur\\back-alerte\\vendor\\laravel\\lumen-framework\\src\\Routing\\Pipeline.php(30): Illuminate\\Pipeline\\Pipeline->Illuminate\\Pipeline\\{closure}(Object(Laravel\\Lumen\\Http\\Request))
#21 C:\\Dev\\Medsur\\back-alerte\\vendor\\illuminate\\pipeline\\Pipeline.php(103): Laravel\\Lumen\\Routing\\Pipeline->Laravel\\Lumen\\Routing\\{closure}(Object(Laravel\\Lumen\\Http\\Request))
#22 C:\\Dev\\Medsur\\back-alerte\\vendor\\laravel\\lumen-framework\\src\\Concerns\\RoutesRequests.php(426): Illuminate\\Pipeline\\Pipeline->then(Object(Closure))
#23 C:\\Dev\\Medsur\\back-alerte\\vendor\\laravel\\lumen-framework\\src\\Concerns\\RoutesRequests.php(175): Laravel\\Lumen\\Application->sendThroughPipeline(Array, Object(Closure))
#24 C:\\Dev\\Medsur\\back-alerte\\vendor\\laravel\\lumen-framework\\src\\Concerns\\RoutesRequests.php(112): Laravel\\Lumen\\Application->dispatch(NULL)
#25 C:\\Dev\\Medsur\\back-alerte\\public\\index.php(29): Laravel\\Lumen\\Application->run()
#26 {main}
"} 
[2023-08-17 09:22:27] local.ALERT:   
[2023-08-17 09:29:25] local.ALERT:   
[2023-08-17 09:29:39] local.ALERT:   
[2023-08-17 09:29:39] local.ERROR: Class "League\Flysystem\Adapter\Local" not found {"exception":"[object] (Error(code: 0): Class \"League\\Flysystem\\Adapter\\Local\" not found at C:\\Dev\\Medsur\\back-alerte\\vendor\\illuminate\\filesystem\\FilesystemManager.php:179)
[stacktrace]
#0 C:\\Dev\\Medsur\\back-alerte\\vendor\\illuminate\\filesystem\\FilesystemManager.php(147): Illuminate\\Filesystem\\FilesystemManager->createLocalDriver(Array)
#1 C:\\Dev\\Medsur\\back-alerte\\vendor\\illuminate\\filesystem\\FilesystemManager.php(115): Illuminate\\Filesystem\\FilesystemManager->resolve('local')
#2 C:\\Dev\\Medsur\\back-alerte\\vendor\\illuminate\\filesystem\\FilesystemManager.php(78): Illuminate\\Filesystem\\FilesystemManager->get('local')
#3 C:\\Dev\\Medsur\\back-alerte\\vendor\\illuminate\\support\\Facades\\Facade.php(261): Illuminate\\Filesystem\\FilesystemManager->disk('local')
#4 C:\\Dev\\Medsur\\back-alerte\\app\\Http\\Controllers\\v1\\EtablissementController.php(140): Illuminate\\Support\\Facades\\Facade::__callStatic('disk', Array)
#5 C:\\Dev\\Medsur\\back-alerte\\vendor\\illuminate\\container\\BoundMethod.php(36): App\\Http\\Controllers\\v1\\EtablissementController->storeImage(Object(Laravel\\Lumen\\Http\\Request), '1')
#6 C:\\Dev\\Medsur\\back-alerte\\vendor\\illuminate\\container\\Util.php(40): Illuminate\\Container\\BoundMethod::Illuminate\\Container\\{closure}()
#7 C:\\Dev\\Medsur\\back-alerte\\vendor\\illuminate\\container\\BoundMethod.php(93): Illuminate\\Container\\Util::unwrapIfClosure(Object(Closure))
#8 C:\\Dev\\Medsur\\back-alerte\\vendor\\illuminate\\container\\BoundMethod.php(37): Illuminate\\Container\\BoundMethod::callBoundMethod(Object(Laravel\\Lumen\\Application), Array, Object(Closure))
#9 C:\\Dev\\Medsur\\back-alerte\\vendor\\illuminate\\container\\Container.php(653): Illuminate\\Container\\BoundMethod::call(Object(Laravel\\Lumen\\Application), Array, Array, NULL)
#10 C:\\Dev\\Medsur\\back-alerte\\vendor\\laravel\\lumen-framework\\src\\Concerns\\RoutesRequests.php(389): Illuminate\\Container\\Container->call(Array, Array)
#11 C:\\Dev\\Medsur\\back-alerte\\vendor\\laravel\\lumen-framework\\src\\Concerns\\RoutesRequests.php(355): Laravel\\Lumen\\Application->callControllerCallable(Array, Array)
#12 C:\\Dev\\Medsur\\back-alerte\\vendor\\laravel\\lumen-framework\\src\\Concerns\\RoutesRequests.php(329): Laravel\\Lumen\\Application->callLumenController(Object(App\\Http\\Controllers\\v1\\EtablissementController), 'storeImage', Array)
#13 C:\\Dev\\Medsur\\back-alerte\\vendor\\laravel\\lumen-framework\\src\\Concerns\\RoutesRequests.php(282): Laravel\\Lumen\\Application->callControllerAction(Array)
#14 C:\\Dev\\Medsur\\back-alerte\\vendor\\laravel\\lumen-framework\\src\\Concerns\\RoutesRequests.php(267): Laravel\\Lumen\\Application->callActionOnArrayBasedRoute(Array)
#15 C:\\Dev\\Medsur\\back-alerte\\vendor\\laravel\\lumen-framework\\src\\Concerns\\RoutesRequests.php(237): Laravel\\Lumen\\Application->handleFoundRoute(Array)
#16 C:\\Dev\\Medsur\\back-alerte\\vendor\\laravel\\lumen-framework\\src\\Concerns\\RoutesRequests.php(173): Laravel\\Lumen\\Application->handleDispatcherResponse(Array)
#17 C:\\Dev\\Medsur\\back-alerte\\vendor\\laravel\\lumen-framework\\src\\Routing\\Pipeline.php(48): Laravel\\Lumen\\Application->Laravel\\Lumen\\Concerns\\{closure}(Object(Laravel\\Lumen\\Http\\Request))
#18 C:\\Dev\\Medsur\\back-alerte\\app\\Http\\Middleware\\AuthenticateAccess.php(28): Laravel\\Lumen\\Routing\\Pipeline->Laravel\\Lumen\\Routing\\{closure}(Object(Laravel\\Lumen\\Http\\Request))
#19 C:\\Dev\\Medsur\\back-alerte\\vendor\\illuminate\\pipeline\\Pipeline.php(167): App\\Http\\Middleware\\AuthenticateAccess->handle(Object(Laravel\\Lumen\\Http\\Request), Object(Closure))
#20 C:\\Dev\\Medsur\\back-alerte\\vendor\\laravel\\lumen-framework\\src\\Routing\\Pipeline.php(30): Illuminate\\Pipeline\\Pipeline->Illuminate\\Pipeline\\{closure}(Object(Laravel\\Lumen\\Http\\Request))
#21 C:\\Dev\\Medsur\\back-alerte\\vendor\\illuminate\\pipeline\\Pipeline.php(103): Laravel\\Lumen\\Routing\\Pipeline->Laravel\\Lumen\\Routing\\{closure}(Object(Laravel\\Lumen\\Http\\Request))
#22 C:\\Dev\\Medsur\\back-alerte\\vendor\\laravel\\lumen-framework\\src\\Concerns\\RoutesRequests.php(426): Illuminate\\Pipeline\\Pipeline->then(Object(Closure))
#23 C:\\Dev\\Medsur\\back-alerte\\vendor\\laravel\\lumen-framework\\src\\Concerns\\RoutesRequests.php(175): Laravel\\Lumen\\Application->sendThroughPipeline(Array, Object(Closure))
#24 C:\\Dev\\Medsur\\back-alerte\\vendor\\laravel\\lumen-framework\\src\\Concerns\\RoutesRequests.php(112): Laravel\\Lumen\\Application->dispatch(NULL)
#25 C:\\Dev\\Medsur\\back-alerte\\public\\index.php(29): Laravel\\Lumen\\Application->run()
#26 {main}
"} 
[2023-08-17 09:34:36] local.ERROR: There are no commands defined in the "storage" namespace. {"exception":"[object] (Symfony\\Component\\Console\\Exception\\NamespaceNotFoundException(code: 0): There are no commands defined in the \"storage\" namespace. at C:\\Dev\\Medsur\\back-alerte\\vendor\\symfony\\console\\Application.php:650)
[stacktrace]
#0 C:\\Dev\\Medsur\\back-alerte\\vendor\\symfony\\console\\Application.php(701): Symfony\\Component\\Console\\Application->findNamespace('storage')
#1 C:\\Dev\\Medsur\\back-alerte\\vendor\\symfony\\console\\Application.php(259): Symfony\\Component\\Console\\Application->find('storage:link')
#2 C:\\Dev\\Medsur\\back-alerte\\vendor\\symfony\\console\\Application.php(171): Symfony\\Component\\Console\\Application->doRun(Object(Symfony\\Component\\Console\\Input\\ArgvInput), Object(Symfony\\Component\\Console\\Output\\ConsoleOutput))
#3 C:\\Dev\\Medsur\\back-alerte\\vendor\\illuminate\\console\\Application.php(94): Symfony\\Component\\Console\\Application->run(Object(Symfony\\Component\\Console\\Input\\ArgvInput), Object(Symfony\\Component\\Console\\Output\\ConsoleOutput))
#4 C:\\Dev\\Medsur\\back-alerte\\vendor\\laravel\\lumen-framework\\src\\Console\\Kernel.php(116): Illuminate\\Console\\Application->run(Object(Symfony\\Component\\Console\\Input\\ArgvInput), Object(Symfony\\Component\\Console\\Output\\ConsoleOutput))
#5 C:\\Dev\\Medsur\\back-alerte\\artisan(35): Laravel\\Lumen\\Console\\Kernel->handle(Object(Symfony\\Component\\Console\\Input\\ArgvInput), Object(Symfony\\Component\\Console\\Output\\ConsoleOutput))
#6 {main}
"} 
[2023-08-17 09:48:48] local.ALERT:   
[2023-08-17 09:48:48] local.ERROR: Call to undefined function App\Http\Controllers\v1\public_path() {"exception":"[object] (Error(code: 0): Call to undefined function App\\Http\\Controllers\\v1\\public_path() at C:\\Dev\\Medsur\\back-alerte\\app\\Http\\Controllers\\v1\\EtablissementController.php:142)
[stacktrace]
#0 C:\\Dev\\Medsur\\back-alerte\\vendor\\illuminate\\container\\BoundMethod.php(36): App\\Http\\Controllers\\v1\\EtablissementController->storeImage(Object(Laravel\\Lumen\\Http\\Request), '1')
#1 C:\\Dev\\Medsur\\back-alerte\\vendor\\illuminate\\container\\Util.php(40): Illuminate\\Container\\BoundMethod::Illuminate\\Container\\{closure}()
#2 C:\\Dev\\Medsur\\back-alerte\\vendor\\illuminate\\container\\BoundMethod.php(93): Illuminate\\Container\\Util::unwrapIfClosure(Object(Closure))
#3 C:\\Dev\\Medsur\\back-alerte\\vendor\\illuminate\\container\\BoundMethod.php(37): Illuminate\\Container\\BoundMethod::callBoundMethod(Object(Laravel\\Lumen\\Application), Array, Object(Closure))
#4 C:\\Dev\\Medsur\\back-alerte\\vendor\\illuminate\\container\\Container.php(653): Illuminate\\Container\\BoundMethod::call(Object(Laravel\\Lumen\\Application), Array, Array, NULL)
#5 C:\\Dev\\Medsur\\back-alerte\\vendor\\laravel\\lumen-framework\\src\\Concerns\\RoutesRequests.php(389): Illuminate\\Container\\Container->call(Array, Array)
#6 C:\\Dev\\Medsur\\back-alerte\\vendor\\laravel\\lumen-framework\\src\\Concerns\\RoutesRequests.php(355): Laravel\\Lumen\\Application->callControllerCallable(Array, Array)
#7 C:\\Dev\\Medsur\\back-alerte\\vendor\\laravel\\lumen-framework\\src\\Concerns\\RoutesRequests.php(329): Laravel\\Lumen\\Application->callLumenController(Object(App\\Http\\Controllers\\v1\\EtablissementController), 'storeImage', Array)
#8 C:\\Dev\\Medsur\\back-alerte\\vendor\\laravel\\lumen-framework\\src\\Concerns\\RoutesRequests.php(282): Laravel\\Lumen\\Application->callControllerAction(Array)
#9 C:\\Dev\\Medsur\\back-alerte\\vendor\\laravel\\lumen-framework\\src\\Concerns\\RoutesRequests.php(267): Laravel\\Lumen\\Application->callActionOnArrayBasedRoute(Array)
#10 C:\\Dev\\Medsur\\back-alerte\\vendor\\laravel\\lumen-framework\\src\\Concerns\\RoutesRequests.php(237): Laravel\\Lumen\\Application->handleFoundRoute(Array)
#11 C:\\Dev\\Medsur\\back-alerte\\vendor\\laravel\\lumen-framework\\src\\Concerns\\RoutesRequests.php(173): Laravel\\Lumen\\Application->handleDispatcherResponse(Array)
#12 C:\\Dev\\Medsur\\back-alerte\\vendor\\laravel\\lumen-framework\\src\\Routing\\Pipeline.php(48): Laravel\\Lumen\\Application->Laravel\\Lumen\\Concerns\\{closure}(Object(Laravel\\Lumen\\Http\\Request))
#13 C:\\Dev\\Medsur\\back-alerte\\app\\Http\\Middleware\\AuthenticateAccess.php(28): Laravel\\Lumen\\Routing\\Pipeline->Laravel\\Lumen\\Routing\\{closure}(Object(Laravel\\Lumen\\Http\\Request))
#14 C:\\Dev\\Medsur\\back-alerte\\vendor\\illuminate\\pipeline\\Pipeline.php(167): App\\Http\\Middleware\\AuthenticateAccess->handle(Object(Laravel\\Lumen\\Http\\Request), Object(Closure))
#15 C:\\Dev\\Medsur\\back-alerte\\vendor\\laravel\\lumen-framework\\src\\Routing\\Pipeline.php(30): Illuminate\\Pipeline\\Pipeline->Illuminate\\Pipeline\\{closure}(Object(Laravel\\Lumen\\Http\\Request))
#16 C:\\Dev\\Medsur\\back-alerte\\vendor\\illuminate\\pipeline\\Pipeline.php(103): Laravel\\Lumen\\Routing\\Pipeline->Laravel\\Lumen\\Routing\\{closure}(Object(Laravel\\Lumen\\Http\\Request))
#17 C:\\Dev\\Medsur\\back-alerte\\vendor\\laravel\\lumen-framework\\src\\Concerns\\RoutesRequests.php(426): Illuminate\\Pipeline\\Pipeline->then(Object(Closure))
#18 C:\\Dev\\Medsur\\back-alerte\\vendor\\laravel\\lumen-framework\\src\\Concerns\\RoutesRequests.php(175): Laravel\\Lumen\\Application->sendThroughPipeline(Array, Object(Closure))
#19 C:\\Dev\\Medsur\\back-alerte\\vendor\\laravel\\lumen-framework\\src\\Concerns\\RoutesRequests.php(112): Laravel\\Lumen\\Application->dispatch(NULL)
#20 C:\\Dev\\Medsur\\back-alerte\\public\\index.php(29): Laravel\\Lumen\\Application->run()
#21 {main}
"} 
[2023-08-17 09:49:07] local.ALERT:   
[2023-08-17 09:49:07] local.ERROR: Class "App\Http\Controllers\v1\File" not found {"exception":"[object] (Error(code: 0): Class \"App\\Http\\Controllers\\v1\\File\" not found at C:\\Dev\\Medsur\\back-alerte\\app\\Http\\Controllers\\v1\\EtablissementController.php:143)
[stacktrace]
#0 C:\\Dev\\Medsur\\back-alerte\\vendor\\illuminate\\container\\BoundMethod.php(36): App\\Http\\Controllers\\v1\\EtablissementController->storeImage(Object(Laravel\\Lumen\\Http\\Request), '1')
#1 C:\\Dev\\Medsur\\back-alerte\\vendor\\illuminate\\container\\Util.php(40): Illuminate\\Container\\BoundMethod::Illuminate\\Container\\{closure}()
#2 C:\\Dev\\Medsur\\back-alerte\\vendor\\illuminate\\container\\BoundMethod.php(93): Illuminate\\Container\\Util::unwrapIfClosure(Object(Closure))
#3 C:\\Dev\\Medsur\\back-alerte\\vendor\\illuminate\\container\\BoundMethod.php(37): Illuminate\\Container\\BoundMethod::callBoundMethod(Object(Laravel\\Lumen\\Application), Array, Object(Closure))
#4 C:\\Dev\\Medsur\\back-alerte\\vendor\\illuminate\\container\\Container.php(653): Illuminate\\Container\\BoundMethod::call(Object(Laravel\\Lumen\\Application), Array, Array, NULL)
#5 C:\\Dev\\Medsur\\back-alerte\\vendor\\laravel\\lumen-framework\\src\\Concerns\\RoutesRequests.php(389): Illuminate\\Container\\Container->call(Array, Array)
#6 C:\\Dev\\Medsur\\back-alerte\\vendor\\laravel\\lumen-framework\\src\\Concerns\\RoutesRequests.php(355): Laravel\\Lumen\\Application->callControllerCallable(Array, Array)
#7 C:\\Dev\\Medsur\\back-alerte\\vendor\\laravel\\lumen-framework\\src\\Concerns\\RoutesRequests.php(329): Laravel\\Lumen\\Application->callLumenController(Object(App\\Http\\Controllers\\v1\\EtablissementController), 'storeImage', Array)
#8 C:\\Dev\\Medsur\\back-alerte\\vendor\\laravel\\lumen-framework\\src\\Concerns\\RoutesRequests.php(282): Laravel\\Lumen\\Application->callControllerAction(Array)
#9 C:\\Dev\\Medsur\\back-alerte\\vendor\\laravel\\lumen-framework\\src\\Concerns\\RoutesRequests.php(267): Laravel\\Lumen\\Application->callActionOnArrayBasedRoute(Array)
#10 C:\\Dev\\Medsur\\back-alerte\\vendor\\laravel\\lumen-framework\\src\\Concerns\\RoutesRequests.php(237): Laravel\\Lumen\\Application->handleFoundRoute(Array)
#11 C:\\Dev\\Medsur\\back-alerte\\vendor\\laravel\\lumen-framework\\src\\Concerns\\RoutesRequests.php(173): Laravel\\Lumen\\Application->handleDispatcherResponse(Array)
#12 C:\\Dev\\Medsur\\back-alerte\\vendor\\laravel\\lumen-framework\\src\\Routing\\Pipeline.php(48): Laravel\\Lumen\\Application->Laravel\\Lumen\\Concerns\\{closure}(Object(Laravel\\Lumen\\Http\\Request))
#13 C:\\Dev\\Medsur\\back-alerte\\app\\Http\\Middleware\\AuthenticateAccess.php(28): Laravel\\Lumen\\Routing\\Pipeline->Laravel\\Lumen\\Routing\\{closure}(Object(Laravel\\Lumen\\Http\\Request))
#14 C:\\Dev\\Medsur\\back-alerte\\vendor\\illuminate\\pipeline\\Pipeline.php(167): App\\Http\\Middleware\\AuthenticateAccess->handle(Object(Laravel\\Lumen\\Http\\Request), Object(Closure))
#15 C:\\Dev\\Medsur\\back-alerte\\vendor\\laravel\\lumen-framework\\src\\Routing\\Pipeline.php(30): Illuminate\\Pipeline\\Pipeline->Illuminate\\Pipeline\\{closure}(Object(Laravel\\Lumen\\Http\\Request))
#16 C:\\Dev\\Medsur\\back-alerte\\vendor\\illuminate\\pipeline\\Pipeline.php(103): Laravel\\Lumen\\Routing\\Pipeline->Laravel\\Lumen\\Routing\\{closure}(Object(Laravel\\Lumen\\Http\\Request))
#17 C:\\Dev\\Medsur\\back-alerte\\vendor\\laravel\\lumen-framework\\src\\Concerns\\RoutesRequests.php(426): Illuminate\\Pipeline\\Pipeline->then(Object(Closure))
#18 C:\\Dev\\Medsur\\back-alerte\\vendor\\laravel\\lumen-framework\\src\\Concerns\\RoutesRequests.php(175): Laravel\\Lumen\\Application->sendThroughPipeline(Array, Object(Closure))
#19 C:\\Dev\\Medsur\\back-alerte\\vendor\\laravel\\lumen-framework\\src\\Concerns\\RoutesRequests.php(112): Laravel\\Lumen\\Application->dispatch(NULL)
#20 C:\\Dev\\Medsur\\back-alerte\\public\\index.php(29): Laravel\\Lumen\\Application->run()
#21 {main}
"} 
[2023-08-17 09:49:24] local.ALERT:   
[2023-08-17 09:49:24] local.ERROR: Call to undefined method Illuminate\Http\File::makeDirectory() {"exception":"[object] (Error(code: 0): Call to undefined method Illuminate\\Http\\File::makeDirectory() at C:\\Dev\\Medsur\\back-alerte\\app\\Http\\Controllers\\v1\\EtablissementController.php:143)
[stacktrace]
#0 C:\\Dev\\Medsur\\back-alerte\\vendor\\illuminate\\container\\BoundMethod.php(36): App\\Http\\Controllers\\v1\\EtablissementController->storeImage(Object(Laravel\\Lumen\\Http\\Request), '1')
#1 C:\\Dev\\Medsur\\back-alerte\\vendor\\illuminate\\container\\Util.php(40): Illuminate\\Container\\BoundMethod::Illuminate\\Container\\{closure}()
#2 C:\\Dev\\Medsur\\back-alerte\\vendor\\illuminate\\container\\BoundMethod.php(93): Illuminate\\Container\\Util::unwrapIfClosure(Object(Closure))
#3 C:\\Dev\\Medsur\\back-alerte\\vendor\\illuminate\\container\\BoundMethod.php(37): Illuminate\\Container\\BoundMethod::callBoundMethod(Object(Laravel\\Lumen\\Application), Array, Object(Closure))
#4 C:\\Dev\\Medsur\\back-alerte\\vendor\\illuminate\\container\\Container.php(653): Illuminate\\Container\\BoundMethod::call(Object(Laravel\\Lumen\\Application), Array, Array, NULL)
#5 C:\\Dev\\Medsur\\back-alerte\\vendor\\laravel\\lumen-framework\\src\\Concerns\\RoutesRequests.php(389): Illuminate\\Container\\Container->call(Array, Array)
#6 C:\\Dev\\Medsur\\back-alerte\\vendor\\laravel\\lumen-framework\\src\\Concerns\\RoutesRequests.php(355): Laravel\\Lumen\\Application->callControllerCallable(Array, Array)
#7 C:\\Dev\\Medsur\\back-alerte\\vendor\\laravel\\lumen-framework\\src\\Concerns\\RoutesRequests.php(329): Laravel\\Lumen\\Application->callLumenController(Object(App\\Http\\Controllers\\v1\\EtablissementController), 'storeImage', Array)
#8 C:\\Dev\\Medsur\\back-alerte\\vendor\\laravel\\lumen-framework\\src\\Concerns\\RoutesRequests.php(282): Laravel\\Lumen\\Application->callControllerAction(Array)
#9 C:\\Dev\\Medsur\\back-alerte\\vendor\\laravel\\lumen-framework\\src\\Concerns\\RoutesRequests.php(267): Laravel\\Lumen\\Application->callActionOnArrayBasedRoute(Array)
#10 C:\\Dev\\Medsur\\back-alerte\\vendor\\laravel\\lumen-framework\\src\\Concerns\\RoutesRequests.php(237): Laravel\\Lumen\\Application->handleFoundRoute(Array)
#11 C:\\Dev\\Medsur\\back-alerte\\vendor\\laravel\\lumen-framework\\src\\Concerns\\RoutesRequests.php(173): Laravel\\Lumen\\Application->handleDispatcherResponse(Array)
#12 C:\\Dev\\Medsur\\back-alerte\\vendor\\laravel\\lumen-framework\\src\\Routing\\Pipeline.php(48): Laravel\\Lumen\\Application->Laravel\\Lumen\\Concerns\\{closure}(Object(Laravel\\Lumen\\Http\\Request))
#13 C:\\Dev\\Medsur\\back-alerte\\app\\Http\\Middleware\\AuthenticateAccess.php(28): Laravel\\Lumen\\Routing\\Pipeline->Laravel\\Lumen\\Routing\\{closure}(Object(Laravel\\Lumen\\Http\\Request))
#14 C:\\Dev\\Medsur\\back-alerte\\vendor\\illuminate\\pipeline\\Pipeline.php(167): App\\Http\\Middleware\\AuthenticateAccess->handle(Object(Laravel\\Lumen\\Http\\Request), Object(Closure))
#15 C:\\Dev\\Medsur\\back-alerte\\vendor\\laravel\\lumen-framework\\src\\Routing\\Pipeline.php(30): Illuminate\\Pipeline\\Pipeline->Illuminate\\Pipeline\\{closure}(Object(Laravel\\Lumen\\Http\\Request))
#16 C:\\Dev\\Medsur\\back-alerte\\vendor\\illuminate\\pipeline\\Pipeline.php(103): Laravel\\Lumen\\Routing\\Pipeline->Laravel\\Lumen\\Routing\\{closure}(Object(Laravel\\Lumen\\Http\\Request))
#17 C:\\Dev\\Medsur\\back-alerte\\vendor\\laravel\\lumen-framework\\src\\Concerns\\RoutesRequests.php(426): Illuminate\\Pipeline\\Pipeline->then(Object(Closure))
#18 C:\\Dev\\Medsur\\back-alerte\\vendor\\laravel\\lumen-framework\\src\\Concerns\\RoutesRequests.php(175): Laravel\\Lumen\\Application->sendThroughPipeline(Array, Object(Closure))
#19 C:\\Dev\\Medsur\\back-alerte\\vendor\\laravel\\lumen-framework\\src\\Concerns\\RoutesRequests.php(112): Laravel\\Lumen\\Application->dispatch(NULL)
#20 C:\\Dev\\Medsur\\back-alerte\\public\\index.php(29): Laravel\\Lumen\\Application->run()
#21 {main}
"} 
[2023-08-17 09:49:38] local.ALERT:   
[2023-08-17 09:49:38] local.ERROR: Method Illuminate\Http\Testing\File::makeDirectory does not exist. {"exception":"[object] (BadMethodCallException(code: 0): Method Illuminate\\Http\\Testing\\File::makeDirectory does not exist. at C:\\Dev\\Medsur\\back-alerte\\vendor\\illuminate\\macroable\\Traits\\Macroable.php:87)
[stacktrace]
#0 C:\\Dev\\Medsur\\back-alerte\\app\\Http\\Controllers\\v1\\EtablissementController.php(144): Illuminate\\Http\\UploadedFile::__callStatic('makeDirectory', Array)
#1 C:\\Dev\\Medsur\\back-alerte\\vendor\\illuminate\\container\\BoundMethod.php(36): App\\Http\\Controllers\\v1\\EtablissementController->storeImage(Object(Laravel\\Lumen\\Http\\Request), '1')
#2 C:\\Dev\\Medsur\\back-alerte\\vendor\\illuminate\\container\\Util.php(40): Illuminate\\Container\\BoundMethod::Illuminate\\Container\\{closure}()
#3 C:\\Dev\\Medsur\\back-alerte\\vendor\\illuminate\\container\\BoundMethod.php(93): Illuminate\\Container\\Util::unwrapIfClosure(Object(Closure))
#4 C:\\Dev\\Medsur\\back-alerte\\vendor\\illuminate\\container\\BoundMethod.php(37): Illuminate\\Container\\BoundMethod::callBoundMethod(Object(Laravel\\Lumen\\Application), Array, Object(Closure))
#5 C:\\Dev\\Medsur\\back-alerte\\vendor\\illuminate\\container\\Container.php(653): Illuminate\\Container\\BoundMethod::call(Object(Laravel\\Lumen\\Application), Array, Array, NULL)
#6 C:\\Dev\\Medsur\\back-alerte\\vendor\\laravel\\lumen-framework\\src\\Concerns\\RoutesRequests.php(389): Illuminate\\Container\\Container->call(Array, Array)
#7 C:\\Dev\\Medsur\\back-alerte\\vendor\\laravel\\lumen-framework\\src\\Concerns\\RoutesRequests.php(355): Laravel\\Lumen\\Application->callControllerCallable(Array, Array)
#8 C:\\Dev\\Medsur\\back-alerte\\vendor\\laravel\\lumen-framework\\src\\Concerns\\RoutesRequests.php(329): Laravel\\Lumen\\Application->callLumenController(Object(App\\Http\\Controllers\\v1\\EtablissementController), 'storeImage', Array)
#9 C:\\Dev\\Medsur\\back-alerte\\vendor\\laravel\\lumen-framework\\src\\Concerns\\RoutesRequests.php(282): Laravel\\Lumen\\Application->callControllerAction(Array)
#10 C:\\Dev\\Medsur\\back-alerte\\vendor\\laravel\\lumen-framework\\src\\Concerns\\RoutesRequests.php(267): Laravel\\Lumen\\Application->callActionOnArrayBasedRoute(Array)
#11 C:\\Dev\\Medsur\\back-alerte\\vendor\\laravel\\lumen-framework\\src\\Concerns\\RoutesRequests.php(237): Laravel\\Lumen\\Application->handleFoundRoute(Array)
#12 C:\\Dev\\Medsur\\back-alerte\\vendor\\laravel\\lumen-framework\\src\\Concerns\\RoutesRequests.php(173): Laravel\\Lumen\\Application->handleDispatcherResponse(Array)
#13 C:\\Dev\\Medsur\\back-alerte\\vendor\\laravel\\lumen-framework\\src\\Routing\\Pipeline.php(48): Laravel\\Lumen\\Application->Laravel\\Lumen\\Concerns\\{closure}(Object(Laravel\\Lumen\\Http\\Request))
#14 C:\\Dev\\Medsur\\back-alerte\\app\\Http\\Middleware\\AuthenticateAccess.php(28): Laravel\\Lumen\\Routing\\Pipeline->Laravel\\Lumen\\Routing\\{closure}(Object(Laravel\\Lumen\\Http\\Request))
#15 C:\\Dev\\Medsur\\back-alerte\\vendor\\illuminate\\pipeline\\Pipeline.php(167): App\\Http\\Middleware\\AuthenticateAccess->handle(Object(Laravel\\Lumen\\Http\\Request), Object(Closure))
#16 C:\\Dev\\Medsur\\back-alerte\\vendor\\laravel\\lumen-framework\\src\\Routing\\Pipeline.php(30): Illuminate\\Pipeline\\Pipeline->Illuminate\\Pipeline\\{closure}(Object(Laravel\\Lumen\\Http\\Request))
#17 C:\\Dev\\Medsur\\back-alerte\\vendor\\illuminate\\pipeline\\Pipeline.php(103): Laravel\\Lumen\\Routing\\Pipeline->Laravel\\Lumen\\Routing\\{closure}(Object(Laravel\\Lumen\\Http\\Request))
#18 C:\\Dev\\Medsur\\back-alerte\\vendor\\laravel\\lumen-framework\\src\\Concerns\\RoutesRequests.php(426): Illuminate\\Pipeline\\Pipeline->then(Object(Closure))
#19 C:\\Dev\\Medsur\\back-alerte\\vendor\\laravel\\lumen-framework\\src\\Concerns\\RoutesRequests.php(175): Laravel\\Lumen\\Application->sendThroughPipeline(Array, Object(Closure))
#20 C:\\Dev\\Medsur\\back-alerte\\vendor\\laravel\\lumen-framework\\src\\Concerns\\RoutesRequests.php(112): Laravel\\Lumen\\Application->dispatch(NULL)
#21 C:\\Dev\\Medsur\\back-alerte\\public\\index.php(29): Laravel\\Lumen\\Application->run()
#22 {main}
"} 
[2023-08-17 09:49:57] local.ALERT:   
[2023-08-17 09:49:57] local.ERROR: Method Illuminate\Http\Testing\File::makeDirectory does not exist. {"exception":"[object] (BadMethodCallException(code: 0): Method Illuminate\\Http\\Testing\\File::makeDirectory does not exist. at C:\\Dev\\Medsur\\back-alerte\\vendor\\illuminate\\macroable\\Traits\\Macroable.php:87)
[stacktrace]
#0 C:\\Dev\\Medsur\\back-alerte\\app\\Http\\Controllers\\v1\\EtablissementController.php(143): Illuminate\\Http\\UploadedFile::__callStatic('makeDirectory', Array)
#1 C:\\Dev\\Medsur\\back-alerte\\vendor\\illuminate\\container\\BoundMethod.php(36): App\\Http\\Controllers\\v1\\EtablissementController->storeImage(Object(Laravel\\Lumen\\Http\\Request), '1')
#2 C:\\Dev\\Medsur\\back-alerte\\vendor\\illuminate\\container\\Util.php(40): Illuminate\\Container\\BoundMethod::Illuminate\\Container\\{closure}()
#3 C:\\Dev\\Medsur\\back-alerte\\vendor\\illuminate\\container\\BoundMethod.php(93): Illuminate\\Container\\Util::unwrapIfClosure(Object(Closure))
#4 C:\\Dev\\Medsur\\back-alerte\\vendor\\illuminate\\container\\BoundMethod.php(37): Illuminate\\Container\\BoundMethod::callBoundMethod(Object(Laravel\\Lumen\\Application), Array, Object(Closure))
#5 C:\\Dev\\Medsur\\back-alerte\\vendor\\illuminate\\container\\Container.php(653): Illuminate\\Container\\BoundMethod::call(Object(Laravel\\Lumen\\Application), Array, Array, NULL)
#6 C:\\Dev\\Medsur\\back-alerte\\vendor\\laravel\\lumen-framework\\src\\Concerns\\RoutesRequests.php(389): Illuminate\\Container\\Container->call(Array, Array)
#7 C:\\Dev\\Medsur\\back-alerte\\vendor\\laravel\\lumen-framework\\src\\Concerns\\RoutesRequests.php(355): Laravel\\Lumen\\Application->callControllerCallable(Array, Array)
#8 C:\\Dev\\Medsur\\back-alerte\\vendor\\laravel\\lumen-framework\\src\\Concerns\\RoutesRequests.php(329): Laravel\\Lumen\\Application->callLumenController(Object(App\\Http\\Controllers\\v1\\EtablissementController), 'storeImage', Array)
#9 C:\\Dev\\Medsur\\back-alerte\\vendor\\laravel\\lumen-framework\\src\\Concerns\\RoutesRequests.php(282): Laravel\\Lumen\\Application->callControllerAction(Array)
#10 C:\\Dev\\Medsur\\back-alerte\\vendor\\laravel\\lumen-framework\\src\\Concerns\\RoutesRequests.php(267): Laravel\\Lumen\\Application->callActionOnArrayBasedRoute(Array)
#11 C:\\Dev\\Medsur\\back-alerte\\vendor\\laravel\\lumen-framework\\src\\Concerns\\RoutesRequests.php(237): Laravel\\Lumen\\Application->handleFoundRoute(Array)
#12 C:\\Dev\\Medsur\\back-alerte\\vendor\\laravel\\lumen-framework\\src\\Concerns\\RoutesRequests.php(173): Laravel\\Lumen\\Application->handleDispatcherResponse(Array)
#13 C:\\Dev\\Medsur\\back-alerte\\vendor\\laravel\\lumen-framework\\src\\Routing\\Pipeline.php(48): Laravel\\Lumen\\Application->Laravel\\Lumen\\Concerns\\{closure}(Object(Laravel\\Lumen\\Http\\Request))
#14 C:\\Dev\\Medsur\\back-alerte\\app\\Http\\Middleware\\AuthenticateAccess.php(28): Laravel\\Lumen\\Routing\\Pipeline->Laravel\\Lumen\\Routing\\{closure}(Object(Laravel\\Lumen\\Http\\Request))
#15 C:\\Dev\\Medsur\\back-alerte\\vendor\\illuminate\\pipeline\\Pipeline.php(167): App\\Http\\Middleware\\AuthenticateAccess->handle(Object(Laravel\\Lumen\\Http\\Request), Object(Closure))
#16 C:\\Dev\\Medsur\\back-alerte\\vendor\\laravel\\lumen-framework\\src\\Routing\\Pipeline.php(30): Illuminate\\Pipeline\\Pipeline->Illuminate\\Pipeline\\{closure}(Object(Laravel\\Lumen\\Http\\Request))
#17 C:\\Dev\\Medsur\\back-alerte\\vendor\\illuminate\\pipeline\\Pipeline.php(103): Laravel\\Lumen\\Routing\\Pipeline->Laravel\\Lumen\\Routing\\{closure}(Object(Laravel\\Lumen\\Http\\Request))
#18 C:\\Dev\\Medsur\\back-alerte\\vendor\\laravel\\lumen-framework\\src\\Concerns\\RoutesRequests.php(426): Illuminate\\Pipeline\\Pipeline->then(Object(Closure))
#19 C:\\Dev\\Medsur\\back-alerte\\vendor\\laravel\\lumen-framework\\src\\Concerns\\RoutesRequests.php(175): Laravel\\Lumen\\Application->sendThroughPipeline(Array, Object(Closure))
#20 C:\\Dev\\Medsur\\back-alerte\\vendor\\laravel\\lumen-framework\\src\\Concerns\\RoutesRequests.php(112): Laravel\\Lumen\\Application->dispatch(NULL)
#21 C:\\Dev\\Medsur\\back-alerte\\public\\index.php(29): Laravel\\Lumen\\Application->run()
#22 {main}
"} 
[2023-08-17 09:50:13] local.ALERT:   
[2023-08-17 09:52:19] local.ALERT:   
[2023-08-17 09:52:23] local.ALERT:   
[2023-08-17 09:54:25] local.ALERT:   
[2023-08-17 09:55:18] local.ALERT:   
[2023-08-17 09:56:40] local.ALERT:   
[2023-08-17 09:57:24] local.ALERT:   
[2023-08-17 10:01:29] local.ALERT:   
[2023-08-17 10:03:14] local.ALERT:   
[2023-08-17 10:03:44] local.ALERT:   
[2023-08-17 10:04:02] local.ALERT:   
[2023-08-17 10:07:13] local.ALERT:   
[2023-08-17 10:07:59] local.ALERT:   
[2023-08-17 10:09:07] local.ALERT:   
[2023-08-17 21:49:26] local.ALERT: Bearer   
[2023-08-17 21:49:28] local.ALERT: Bearer eyJ0eXAiOiJKV1QiLCJhbGciOiJSUzI1NiIsImp0aSI6ImRmNzhmZjk0OTgzMDg2OWI0YWZhMTJkMjRhM2NiYzQ3ZDg0ZThiNTJmYTdlOGUwZWFjZDE0NmVmMDQ4YjI4MWE0MmI0NzAxNWQ2OTBmYzU1In0.eyJhdWQiOiIyIiwianRpIjoiZGY3OGZmOTQ5ODMwODY5YjRhZmExMmQyNGEzY2JjNDdkODRlOGI1MmZhN2U4ZTBlYWNkMTQ2ZWYwNDhiMjgxYTQyYjQ3MDE1ZDY5MGZjNTUiLCJpYXQiOjE2OTIzMDUzNTQsIm5iZiI6MTY5MjMwNTM1NCwiZXhwIjoxNjkyMzkxNzU0LCJzdWIiOiIyIiwic2NvcGVzIjpbXX0.x__U5STX-GC0enWVoLIf5tGbvoP6nNgR2LQQtwQ1mj00WdqUFtJ_8FmsvDY-unUkiSYC8JRBwnCnrRY7r98ZfEElcYlJekqryAkN0ZB3sIGWi8me-iXQ9Ucupi6UVSwpF5bPglzYwuH6IrNqTezDnRQ8eQ9Mhd2FNwX9gdJSQHSWGouQEFAJ-TAKZ7h-2ge11P799QDnZZWxWJeQEfOPyRQcEcdxSJSv7S10ZWnbf_EJqXHdmC2no3iR5VaLiIhh_JQHXak-RkdFicvbo9vvfYpt4cuodBWnoXZ8hnCSrv8u2XVxhjKqi3jivQ9sehL4bTWwcrYnhBvsJq3bIJkrIfgYDE0XKbIAtYGODdK_TYmOzs4kc-E3LTW8cjQDYF3_4aTwRxJTibTx8nr6WdS3UHbhAtA5jJ0--xsa07yxVkkqGma4Ql4nwZ2JFIYrAGSa5HeTqzTAdqRaWE8UvTZqlFxAWekLs1WzZyVX3L0W8nBFwABAeoK14SXEgjdFb6--y8kAcc5YNd3KKzI50gWy1Fu4VzPmU5BbwYvMwcXueK4VUSpqaw06tXjN6ooAcRzi973SsHpnU0VToaRUVCsnSxGv4khLKzrZ_QzLMNa-FqlVF8cIxBo3KpxSMPVi6Zd59OZzyDIXbH0ILK0BmYu76aNJnweU08Xb0xQ2Yq59jg4  
[2023-08-17 21:49:35] local.ALERT: Bearer eyJ0eXAiOiJKV1QiLCJhbGciOiJSUzI1NiIsImp0aSI6ImRmNzhmZjk0OTgzMDg2OWI0YWZhMTJkMjRhM2NiYzQ3ZDg0ZThiNTJmYTdlOGUwZWFjZDE0NmVmMDQ4YjI4MWE0MmI0NzAxNWQ2OTBmYzU1In0.eyJhdWQiOiIyIiwianRpIjoiZGY3OGZmOTQ5ODMwODY5YjRhZmExMmQyNGEzY2JjNDdkODRlOGI1MmZhN2U4ZTBlYWNkMTQ2ZWYwNDhiMjgxYTQyYjQ3MDE1ZDY5MGZjNTUiLCJpYXQiOjE2OTIzMDUzNTQsIm5iZiI6MTY5MjMwNTM1NCwiZXhwIjoxNjkyMzkxNzU0LCJzdWIiOiIyIiwic2NvcGVzIjpbXX0.x__U5STX-GC0enWVoLIf5tGbvoP6nNgR2LQQtwQ1mj00WdqUFtJ_8FmsvDY-unUkiSYC8JRBwnCnrRY7r98ZfEElcYlJekqryAkN0ZB3sIGWi8me-iXQ9Ucupi6UVSwpF5bPglzYwuH6IrNqTezDnRQ8eQ9Mhd2FNwX9gdJSQHSWGouQEFAJ-TAKZ7h-2ge11P799QDnZZWxWJeQEfOPyRQcEcdxSJSv7S10ZWnbf_EJqXHdmC2no3iR5VaLiIhh_JQHXak-RkdFicvbo9vvfYpt4cuodBWnoXZ8hnCSrv8u2XVxhjKqi3jivQ9sehL4bTWwcrYnhBvsJq3bIJkrIfgYDE0XKbIAtYGODdK_TYmOzs4kc-E3LTW8cjQDYF3_4aTwRxJTibTx8nr6WdS3UHbhAtA5jJ0--xsa07yxVkkqGma4Ql4nwZ2JFIYrAGSa5HeTqzTAdqRaWE8UvTZqlFxAWekLs1WzZyVX3L0W8nBFwABAeoK14SXEgjdFb6--y8kAcc5YNd3KKzI50gWy1Fu4VzPmU5BbwYvMwcXueK4VUSpqaw06tXjN6ooAcRzi973SsHpnU0VToaRUVCsnSxGv4khLKzrZ_QzLMNa-FqlVF8cIxBo3KpxSMPVi6Zd59OZzyDIXbH0ILK0BmYu76aNJnweU08Xb0xQ2Yq59jg4  
[2023-08-17 21:50:44] local.ALERT: Bearer eyJ0eXAiOiJKV1QiLCJhbGciOiJSUzI1NiIsImp0aSI6ImRmNzhmZjk0OTgzMDg2OWI0YWZhMTJkMjRhM2NiYzQ3ZDg0ZThiNTJmYTdlOGUwZWFjZDE0NmVmMDQ4YjI4MWE0MmI0NzAxNWQ2OTBmYzU1In0.eyJhdWQiOiIyIiwianRpIjoiZGY3OGZmOTQ5ODMwODY5YjRhZmExMmQyNGEzY2JjNDdkODRlOGI1MmZhN2U4ZTBlYWNkMTQ2ZWYwNDhiMjgxYTQyYjQ3MDE1ZDY5MGZjNTUiLCJpYXQiOjE2OTIzMDUzNTQsIm5iZiI6MTY5MjMwNTM1NCwiZXhwIjoxNjkyMzkxNzU0LCJzdWIiOiIyIiwic2NvcGVzIjpbXX0.x__U5STX-GC0enWVoLIf5tGbvoP6nNgR2LQQtwQ1mj00WdqUFtJ_8FmsvDY-unUkiSYC8JRBwnCnrRY7r98ZfEElcYlJekqryAkN0ZB3sIGWi8me-iXQ9Ucupi6UVSwpF5bPglzYwuH6IrNqTezDnRQ8eQ9Mhd2FNwX9gdJSQHSWGouQEFAJ-TAKZ7h-2ge11P799QDnZZWxWJeQEfOPyRQcEcdxSJSv7S10ZWnbf_EJqXHdmC2no3iR5VaLiIhh_JQHXak-RkdFicvbo9vvfYpt4cuodBWnoXZ8hnCSrv8u2XVxhjKqi3jivQ9sehL4bTWwcrYnhBvsJq3bIJkrIfgYDE0XKbIAtYGODdK_TYmOzs4kc-E3LTW8cjQDYF3_4aTwRxJTibTx8nr6WdS3UHbhAtA5jJ0--xsa07yxVkkqGma4Ql4nwZ2JFIYrAGSa5HeTqzTAdqRaWE8UvTZqlFxAWekLs1WzZyVX3L0W8nBFwABAeoK14SXEgjdFb6--y8kAcc5YNd3KKzI50gWy1Fu4VzPmU5BbwYvMwcXueK4VUSpqaw06tXjN6ooAcRzi973SsHpnU0VToaRUVCsnSxGv4khLKzrZ_QzLMNa-FqlVF8cIxBo3KpxSMPVi6Zd59OZzyDIXbH0ILK0BmYu76aNJnweU08Xb0xQ2Yq59jg4  
[2023-08-17 21:50:44] local.ALERT: Bearer eyJ0eXAiOiJKV1QiLCJhbGciOiJSUzI1NiIsImp0aSI6IjNmZjAwNjQ4NTdiMTlmMGZlY2Q3ODM2YjY1OTcyNTlkMzRhNzE4ZDA3YmM0ZWY2NmRkMjExMDQyYTFjMTk0OTA4NDBjYzY5MzZjNzVmMDMyIn0.eyJhdWQiOiIyIiwianRpIjoiM2ZmMDA2NDg1N2IxOWYwZmVjZDc4MzZiNjU5NzI1OWQzNGE3MThkMDdiYzRlZjY2ZGQyMTEwNDJhMWMxOTQ5MDg0MGNjNjkzNmM3NWYwMzIiLCJpYXQiOjE2OTIzMDU0MzgsIm5iZiI6MTY5MjMwNTQzOCwiZXhwIjoxNjkyMzkxODM4LCJzdWIiOiIyIiwic2NvcGVzIjpbXX0.abBi7KghJ5TvQGIOS_l7O8yyOP125Y_hLta0J1d55bTRloqaJk5U3R6L9t_YvU6Ux-zC3mIzr7VsP3og8O1HjbfjBCyvSdrGInQ3J2NZAFypvr4uhQwF0WdVY_Pha2T5xs6Pf6zVDXMfnsg_L_FH4NldsTMsjew9KlF9aRFBxCP0RJM9JKkqiC1pRTJEXTMG7PdgTt1319pQvNmUG1KkNFiPRr1aNI3Netyni1R2wFqGX35kowDayDuo8QpTbgPccdDSGlZIVrKy0m9z5zktU8HVUwj1YtpMWyklo-4kZRnb53jaHSTY9eNj7cBnBdKdxZJPgPezU34nxXabPD3NeLhtjZp3VWi0cCSWiiBHud-B2Wa9cRPxnFmBVWeWAylSSVDvNAYynbdoMC-99JlLOAvXTIiMQHRqRX7WJpqZt5-5ePUs1jhu9NYKUg7ez94M-1_GMLGi0Dfv3d7KepY1Lkp3_7FC9_NjGm0XU3lajEIXGq0sninXcdrHlfFKi5aUXSPrPHQ492QcBbb4KqR94Om3szbPO73E2WyEyqtsoFLptnF5SurWQQofjadaEwzjg3vQadY8oGAn9be41dfo0i98EdF3ju7Vbk2Sg_VYyCH4NoDBkhZdql-uUQpzL2_j3_djQ-_n7I9ozD-imOpoH_ixDmGy_46-XQbAjj45VDE  
[2023-08-17 21:50:45] local.ALERT: Bearer eyJ0eXAiOiJKV1QiLCJhbGciOiJSUzI1NiIsImp0aSI6IjNmZjAwNjQ4NTdiMTlmMGZlY2Q3ODM2YjY1OTcyNTlkMzRhNzE4ZDA3YmM0ZWY2NmRkMjExMDQyYTFjMTk0OTA4NDBjYzY5MzZjNzVmMDMyIn0.eyJhdWQiOiIyIiwianRpIjoiM2ZmMDA2NDg1N2IxOWYwZmVjZDc4MzZiNjU5NzI1OWQzNGE3MThkMDdiYzRlZjY2ZGQyMTEwNDJhMWMxOTQ5MDg0MGNjNjkzNmM3NWYwMzIiLCJpYXQiOjE2OTIzMDU0MzgsIm5iZiI6MTY5MjMwNTQzOCwiZXhwIjoxNjkyMzkxODM4LCJzdWIiOiIyIiwic2NvcGVzIjpbXX0.abBi7KghJ5TvQGIOS_l7O8yyOP125Y_hLta0J1d55bTRloqaJk5U3R6L9t_YvU6Ux-zC3mIzr7VsP3og8O1HjbfjBCyvSdrGInQ3J2NZAFypvr4uhQwF0WdVY_Pha2T5xs6Pf6zVDXMfnsg_L_FH4NldsTMsjew9KlF9aRFBxCP0RJM9JKkqiC1pRTJEXTMG7PdgTt1319pQvNmUG1KkNFiPRr1aNI3Netyni1R2wFqGX35kowDayDuo8QpTbgPccdDSGlZIVrKy0m9z5zktU8HVUwj1YtpMWyklo-4kZRnb53jaHSTY9eNj7cBnBdKdxZJPgPezU34nxXabPD3NeLhtjZp3VWi0cCSWiiBHud-B2Wa9cRPxnFmBVWeWAylSSVDvNAYynbdoMC-99JlLOAvXTIiMQHRqRX7WJpqZt5-5ePUs1jhu9NYKUg7ez94M-1_GMLGi0Dfv3d7KepY1Lkp3_7FC9_NjGm0XU3lajEIXGq0sninXcdrHlfFKi5aUXSPrPHQ492QcBbb4KqR94Om3szbPO73E2WyEyqtsoFLptnF5SurWQQofjadaEwzjg3vQadY8oGAn9be41dfo0i98EdF3ju7Vbk2Sg_VYyCH4NoDBkhZdql-uUQpzL2_j3_djQ-_n7I9ozD-imOpoH_ixDmGy_46-XQbAjj45VDE  
[2023-08-17 21:50:45] local.ALERT: Bearer eyJ0eXAiOiJKV1QiLCJhbGciOiJSUzI1NiIsImp0aSI6IjNmZjAwNjQ4NTdiMTlmMGZlY2Q3ODM2YjY1OTcyNTlkMzRhNzE4ZDA3YmM0ZWY2NmRkMjExMDQyYTFjMTk0OTA4NDBjYzY5MzZjNzVmMDMyIn0.eyJhdWQiOiIyIiwianRpIjoiM2ZmMDA2NDg1N2IxOWYwZmVjZDc4MzZiNjU5NzI1OWQzNGE3MThkMDdiYzRlZjY2ZGQyMTEwNDJhMWMxOTQ5MDg0MGNjNjkzNmM3NWYwMzIiLCJpYXQiOjE2OTIzMDU0MzgsIm5iZiI6MTY5MjMwNTQzOCwiZXhwIjoxNjkyMzkxODM4LCJzdWIiOiIyIiwic2NvcGVzIjpbXX0.abBi7KghJ5TvQGIOS_l7O8yyOP125Y_hLta0J1d55bTRloqaJk5U3R6L9t_YvU6Ux-zC3mIzr7VsP3og8O1HjbfjBCyvSdrGInQ3J2NZAFypvr4uhQwF0WdVY_Pha2T5xs6Pf6zVDXMfnsg_L_FH4NldsTMsjew9KlF9aRFBxCP0RJM9JKkqiC1pRTJEXTMG7PdgTt1319pQvNmUG1KkNFiPRr1aNI3Netyni1R2wFqGX35kowDayDuo8QpTbgPccdDSGlZIVrKy0m9z5zktU8HVUwj1YtpMWyklo-4kZRnb53jaHSTY9eNj7cBnBdKdxZJPgPezU34nxXabPD3NeLhtjZp3VWi0cCSWiiBHud-B2Wa9cRPxnFmBVWeWAylSSVDvNAYynbdoMC-99JlLOAvXTIiMQHRqRX7WJpqZt5-5ePUs1jhu9NYKUg7ez94M-1_GMLGi0Dfv3d7KepY1Lkp3_7FC9_NjGm0XU3lajEIXGq0sninXcdrHlfFKi5aUXSPrPHQ492QcBbb4KqR94Om3szbPO73E2WyEyqtsoFLptnF5SurWQQofjadaEwzjg3vQadY8oGAn9be41dfo0i98EdF3ju7Vbk2Sg_VYyCH4NoDBkhZdql-uUQpzL2_j3_djQ-_n7I9ozD-imOpoH_ixDmGy_46-XQbAjj45VDE  
[2023-08-17 21:50:46] local.ALERT: Bearer eyJ0eXAiOiJKV1QiLCJhbGciOiJSUzI1NiIsImp0aSI6IjNmZjAwNjQ4NTdiMTlmMGZlY2Q3ODM2YjY1OTcyNTlkMzRhNzE4ZDA3YmM0ZWY2NmRkMjExMDQyYTFjMTk0OTA4NDBjYzY5MzZjNzVmMDMyIn0.eyJhdWQiOiIyIiwianRpIjoiM2ZmMDA2NDg1N2IxOWYwZmVjZDc4MzZiNjU5NzI1OWQzNGE3MThkMDdiYzRlZjY2ZGQyMTEwNDJhMWMxOTQ5MDg0MGNjNjkzNmM3NWYwMzIiLCJpYXQiOjE2OTIzMDU0MzgsIm5iZiI6MTY5MjMwNTQzOCwiZXhwIjoxNjkyMzkxODM4LCJzdWIiOiIyIiwic2NvcGVzIjpbXX0.abBi7KghJ5TvQGIOS_l7O8yyOP125Y_hLta0J1d55bTRloqaJk5U3R6L9t_YvU6Ux-zC3mIzr7VsP3og8O1HjbfjBCyvSdrGInQ3J2NZAFypvr4uhQwF0WdVY_Pha2T5xs6Pf6zVDXMfnsg_L_FH4NldsTMsjew9KlF9aRFBxCP0RJM9JKkqiC1pRTJEXTMG7PdgTt1319pQvNmUG1KkNFiPRr1aNI3Netyni1R2wFqGX35kowDayDuo8QpTbgPccdDSGlZIVrKy0m9z5zktU8HVUwj1YtpMWyklo-4kZRnb53jaHSTY9eNj7cBnBdKdxZJPgPezU34nxXabPD3NeLhtjZp3VWi0cCSWiiBHud-B2Wa9cRPxnFmBVWeWAylSSVDvNAYynbdoMC-99JlLOAvXTIiMQHRqRX7WJpqZt5-5ePUs1jhu9NYKUg7ez94M-1_GMLGi0Dfv3d7KepY1Lkp3_7FC9_NjGm0XU3lajEIXGq0sninXcdrHlfFKi5aUXSPrPHQ492QcBbb4KqR94Om3szbPO73E2WyEyqtsoFLptnF5SurWQQofjadaEwzjg3vQadY8oGAn9be41dfo0i98EdF3ju7Vbk2Sg_VYyCH4NoDBkhZdql-uUQpzL2_j3_djQ-_n7I9ozD-imOpoH_ixDmGy_46-XQbAjj45VDE  
[2023-08-17 21:59:45] local.ALERT: Bearer eyJ0eXAiOiJKV1QiLCJhbGciOiJSUzI1NiIsImp0aSI6IjNmZjAwNjQ4NTdiMTlmMGZlY2Q3ODM2YjY1OTcyNTlkMzRhNzE4ZDA3YmM0ZWY2NmRkMjExMDQyYTFjMTk0OTA4NDBjYzY5MzZjNzVmMDMyIn0.eyJhdWQiOiIyIiwianRpIjoiM2ZmMDA2NDg1N2IxOWYwZmVjZDc4MzZiNjU5NzI1OWQzNGE3MThkMDdiYzRlZjY2ZGQyMTEwNDJhMWMxOTQ5MDg0MGNjNjkzNmM3NWYwMzIiLCJpYXQiOjE2OTIzMDU0MzgsIm5iZiI6MTY5MjMwNTQzOCwiZXhwIjoxNjkyMzkxODM4LCJzdWIiOiIyIiwic2NvcGVzIjpbXX0.abBi7KghJ5TvQGIOS_l7O8yyOP125Y_hLta0J1d55bTRloqaJk5U3R6L9t_YvU6Ux-zC3mIzr7VsP3og8O1HjbfjBCyvSdrGInQ3J2NZAFypvr4uhQwF0WdVY_Pha2T5xs6Pf6zVDXMfnsg_L_FH4NldsTMsjew9KlF9aRFBxCP0RJM9JKkqiC1pRTJEXTMG7PdgTt1319pQvNmUG1KkNFiPRr1aNI3Netyni1R2wFqGX35kowDayDuo8QpTbgPccdDSGlZIVrKy0m9z5zktU8HVUwj1YtpMWyklo-4kZRnb53jaHSTY9eNj7cBnBdKdxZJPgPezU34nxXabPD3NeLhtjZp3VWi0cCSWiiBHud-B2Wa9cRPxnFmBVWeWAylSSVDvNAYynbdoMC-99JlLOAvXTIiMQHRqRX7WJpqZt5-5ePUs1jhu9NYKUg7ez94M-1_GMLGi0Dfv3d7KepY1Lkp3_7FC9_NjGm0XU3lajEIXGq0sninXcdrHlfFKi5aUXSPrPHQ492QcBbb4KqR94Om3szbPO73E2WyEyqtsoFLptnF5SurWQQofjadaEwzjg3vQadY8oGAn9be41dfo0i98EdF3ju7Vbk2Sg_VYyCH4NoDBkhZdql-uUQpzL2_j3_djQ-_n7I9ozD-imOpoH_ixDmGy_46-XQbAjj45VDE  
[2023-08-17 22:00:37] local.ALERT: Bearer eyJ0eXAiOiJKV1QiLCJhbGciOiJSUzI1NiIsImp0aSI6IjNmZjAwNjQ4NTdiMTlmMGZlY2Q3ODM2YjY1OTcyNTlkMzRhNzE4ZDA3YmM0ZWY2NmRkMjExMDQyYTFjMTk0OTA4NDBjYzY5MzZjNzVmMDMyIn0.eyJhdWQiOiIyIiwianRpIjoiM2ZmMDA2NDg1N2IxOWYwZmVjZDc4MzZiNjU5NzI1OWQzNGE3MThkMDdiYzRlZjY2ZGQyMTEwNDJhMWMxOTQ5MDg0MGNjNjkzNmM3NWYwMzIiLCJpYXQiOjE2OTIzMDU0MzgsIm5iZiI6MTY5MjMwNTQzOCwiZXhwIjoxNjkyMzkxODM4LCJzdWIiOiIyIiwic2NvcGVzIjpbXX0.abBi7KghJ5TvQGIOS_l7O8yyOP125Y_hLta0J1d55bTRloqaJk5U3R6L9t_YvU6Ux-zC3mIzr7VsP3og8O1HjbfjBCyvSdrGInQ3J2NZAFypvr4uhQwF0WdVY_Pha2T5xs6Pf6zVDXMfnsg_L_FH4NldsTMsjew9KlF9aRFBxCP0RJM9JKkqiC1pRTJEXTMG7PdgTt1319pQvNmUG1KkNFiPRr1aNI3Netyni1R2wFqGX35kowDayDuo8QpTbgPccdDSGlZIVrKy0m9z5zktU8HVUwj1YtpMWyklo-4kZRnb53jaHSTY9eNj7cBnBdKdxZJPgPezU34nxXabPD3NeLhtjZp3VWi0cCSWiiBHud-B2Wa9cRPxnFmBVWeWAylSSVDvNAYynbdoMC-99JlLOAvXTIiMQHRqRX7WJpqZt5-5ePUs1jhu9NYKUg7ez94M-1_GMLGi0Dfv3d7KepY1Lkp3_7FC9_NjGm0XU3lajEIXGq0sninXcdrHlfFKi5aUXSPrPHQ492QcBbb4KqR94Om3szbPO73E2WyEyqtsoFLptnF5SurWQQofjadaEwzjg3vQadY8oGAn9be41dfo0i98EdF3ju7Vbk2Sg_VYyCH4NoDBkhZdql-uUQpzL2_j3_djQ-_n7I9ozD-imOpoH_ixDmGy_46-XQbAjj45VDE  
[2023-08-17 22:02:39] local.ALERT: Bearer eyJ0eXAiOiJKV1QiLCJhbGciOiJSUzI1NiIsImp0aSI6IjNmZjAwNjQ4NTdiMTlmMGZlY2Q3ODM2YjY1OTcyNTlkMzRhNzE4ZDA3YmM0ZWY2NmRkMjExMDQyYTFjMTk0OTA4NDBjYzY5MzZjNzVmMDMyIn0.eyJhdWQiOiIyIiwianRpIjoiM2ZmMDA2NDg1N2IxOWYwZmVjZDc4MzZiNjU5NzI1OWQzNGE3MThkMDdiYzRlZjY2ZGQyMTEwNDJhMWMxOTQ5MDg0MGNjNjkzNmM3NWYwMzIiLCJpYXQiOjE2OTIzMDU0MzgsIm5iZiI6MTY5MjMwNTQzOCwiZXhwIjoxNjkyMzkxODM4LCJzdWIiOiIyIiwic2NvcGVzIjpbXX0.abBi7KghJ5TvQGIOS_l7O8yyOP125Y_hLta0J1d55bTRloqaJk5U3R6L9t_YvU6Ux-zC3mIzr7VsP3og8O1HjbfjBCyvSdrGInQ3J2NZAFypvr4uhQwF0WdVY_Pha2T5xs6Pf6zVDXMfnsg_L_FH4NldsTMsjew9KlF9aRFBxCP0RJM9JKkqiC1pRTJEXTMG7PdgTt1319pQvNmUG1KkNFiPRr1aNI3Netyni1R2wFqGX35kowDayDuo8QpTbgPccdDSGlZIVrKy0m9z5zktU8HVUwj1YtpMWyklo-4kZRnb53jaHSTY9eNj7cBnBdKdxZJPgPezU34nxXabPD3NeLhtjZp3VWi0cCSWiiBHud-B2Wa9cRPxnFmBVWeWAylSSVDvNAYynbdoMC-99JlLOAvXTIiMQHRqRX7WJpqZt5-5ePUs1jhu9NYKUg7ez94M-1_GMLGi0Dfv3d7KepY1Lkp3_7FC9_NjGm0XU3lajEIXGq0sninXcdrHlfFKi5aUXSPrPHQ492QcBbb4KqR94Om3szbPO73E2WyEyqtsoFLptnF5SurWQQofjadaEwzjg3vQadY8oGAn9be41dfo0i98EdF3ju7Vbk2Sg_VYyCH4NoDBkhZdql-uUQpzL2_j3_djQ-_n7I9ozD-imOpoH_ixDmGy_46-XQbAjj45VDE  
[2023-08-17 22:03:33] local.ALERT: Bearer eyJ0eXAiOiJKV1QiLCJhbGciOiJSUzI1NiIsImp0aSI6IjNmZjAwNjQ4NTdiMTlmMGZlY2Q3ODM2YjY1OTcyNTlkMzRhNzE4ZDA3YmM0ZWY2NmRkMjExMDQyYTFjMTk0OTA4NDBjYzY5MzZjNzVmMDMyIn0.eyJhdWQiOiIyIiwianRpIjoiM2ZmMDA2NDg1N2IxOWYwZmVjZDc4MzZiNjU5NzI1OWQzNGE3MThkMDdiYzRlZjY2ZGQyMTEwNDJhMWMxOTQ5MDg0MGNjNjkzNmM3NWYwMzIiLCJpYXQiOjE2OTIzMDU0MzgsIm5iZiI6MTY5MjMwNTQzOCwiZXhwIjoxNjkyMzkxODM4LCJzdWIiOiIyIiwic2NvcGVzIjpbXX0.abBi7KghJ5TvQGIOS_l7O8yyOP125Y_hLta0J1d55bTRloqaJk5U3R6L9t_YvU6Ux-zC3mIzr7VsP3og8O1HjbfjBCyvSdrGInQ3J2NZAFypvr4uhQwF0WdVY_Pha2T5xs6Pf6zVDXMfnsg_L_FH4NldsTMsjew9KlF9aRFBxCP0RJM9JKkqiC1pRTJEXTMG7PdgTt1319pQvNmUG1KkNFiPRr1aNI3Netyni1R2wFqGX35kowDayDuo8QpTbgPccdDSGlZIVrKy0m9z5zktU8HVUwj1YtpMWyklo-4kZRnb53jaHSTY9eNj7cBnBdKdxZJPgPezU34nxXabPD3NeLhtjZp3VWi0cCSWiiBHud-B2Wa9cRPxnFmBVWeWAylSSVDvNAYynbdoMC-99JlLOAvXTIiMQHRqRX7WJpqZt5-5ePUs1jhu9NYKUg7ez94M-1_GMLGi0Dfv3d7KepY1Lkp3_7FC9_NjGm0XU3lajEIXGq0sninXcdrHlfFKi5aUXSPrPHQ492QcBbb4KqR94Om3szbPO73E2WyEyqtsoFLptnF5SurWQQofjadaEwzjg3vQadY8oGAn9be41dfo0i98EdF3ju7Vbk2Sg_VYyCH4NoDBkhZdql-uUQpzL2_j3_djQ-_n7I9ozD-imOpoH_ixDmGy_46-XQbAjj45VDE  
[2023-08-17 22:04:43] local.ALERT: Bearer eyJ0eXAiOiJKV1QiLCJhbGciOiJSUzI1NiIsImp0aSI6IjNmZjAwNjQ4NTdiMTlmMGZlY2Q3ODM2YjY1OTcyNTlkMzRhNzE4ZDA3YmM0ZWY2NmRkMjExMDQyYTFjMTk0OTA4NDBjYzY5MzZjNzVmMDMyIn0.eyJhdWQiOiIyIiwianRpIjoiM2ZmMDA2NDg1N2IxOWYwZmVjZDc4MzZiNjU5NzI1OWQzNGE3MThkMDdiYzRlZjY2ZGQyMTEwNDJhMWMxOTQ5MDg0MGNjNjkzNmM3NWYwMzIiLCJpYXQiOjE2OTIzMDU0MzgsIm5iZiI6MTY5MjMwNTQzOCwiZXhwIjoxNjkyMzkxODM4LCJzdWIiOiIyIiwic2NvcGVzIjpbXX0.abBi7KghJ5TvQGIOS_l7O8yyOP125Y_hLta0J1d55bTRloqaJk5U3R6L9t_YvU6Ux-zC3mIzr7VsP3og8O1HjbfjBCyvSdrGInQ3J2NZAFypvr4uhQwF0WdVY_Pha2T5xs6Pf6zVDXMfnsg_L_FH4NldsTMsjew9KlF9aRFBxCP0RJM9JKkqiC1pRTJEXTMG7PdgTt1319pQvNmUG1KkNFiPRr1aNI3Netyni1R2wFqGX35kowDayDuo8QpTbgPccdDSGlZIVrKy0m9z5zktU8HVUwj1YtpMWyklo-4kZRnb53jaHSTY9eNj7cBnBdKdxZJPgPezU34nxXabPD3NeLhtjZp3VWi0cCSWiiBHud-B2Wa9cRPxnFmBVWeWAylSSVDvNAYynbdoMC-99JlLOAvXTIiMQHRqRX7WJpqZt5-5ePUs1jhu9NYKUg7ez94M-1_GMLGi0Dfv3d7KepY1Lkp3_7FC9_NjGm0XU3lajEIXGq0sninXcdrHlfFKi5aUXSPrPHQ492QcBbb4KqR94Om3szbPO73E2WyEyqtsoFLptnF5SurWQQofjadaEwzjg3vQadY8oGAn9be41dfo0i98EdF3ju7Vbk2Sg_VYyCH4NoDBkhZdql-uUQpzL2_j3_djQ-_n7I9ozD-imOpoH_ixDmGy_46-XQbAjj45VDE  
[2023-08-17 22:04:44] local.ALERT: Bearer eyJ0eXAiOiJKV1QiLCJhbGciOiJSUzI1NiIsImp0aSI6IjNmZjAwNjQ4NTdiMTlmMGZlY2Q3ODM2YjY1OTcyNTlkMzRhNzE4ZDA3YmM0ZWY2NmRkMjExMDQyYTFjMTk0OTA4NDBjYzY5MzZjNzVmMDMyIn0.eyJhdWQiOiIyIiwianRpIjoiM2ZmMDA2NDg1N2IxOWYwZmVjZDc4MzZiNjU5NzI1OWQzNGE3MThkMDdiYzRlZjY2ZGQyMTEwNDJhMWMxOTQ5MDg0MGNjNjkzNmM3NWYwMzIiLCJpYXQiOjE2OTIzMDU0MzgsIm5iZiI6MTY5MjMwNTQzOCwiZXhwIjoxNjkyMzkxODM4LCJzdWIiOiIyIiwic2NvcGVzIjpbXX0.abBi7KghJ5TvQGIOS_l7O8yyOP125Y_hLta0J1d55bTRloqaJk5U3R6L9t_YvU6Ux-zC3mIzr7VsP3og8O1HjbfjBCyvSdrGInQ3J2NZAFypvr4uhQwF0WdVY_Pha2T5xs6Pf6zVDXMfnsg_L_FH4NldsTMsjew9KlF9aRFBxCP0RJM9JKkqiC1pRTJEXTMG7PdgTt1319pQvNmUG1KkNFiPRr1aNI3Netyni1R2wFqGX35kowDayDuo8QpTbgPccdDSGlZIVrKy0m9z5zktU8HVUwj1YtpMWyklo-4kZRnb53jaHSTY9eNj7cBnBdKdxZJPgPezU34nxXabPD3NeLhtjZp3VWi0cCSWiiBHud-B2Wa9cRPxnFmBVWeWAylSSVDvNAYynbdoMC-99JlLOAvXTIiMQHRqRX7WJpqZt5-5ePUs1jhu9NYKUg7ez94M-1_GMLGi0Dfv3d7KepY1Lkp3_7FC9_NjGm0XU3lajEIXGq0sninXcdrHlfFKi5aUXSPrPHQ492QcBbb4KqR94Om3szbPO73E2WyEyqtsoFLptnF5SurWQQofjadaEwzjg3vQadY8oGAn9be41dfo0i98EdF3ju7Vbk2Sg_VYyCH4NoDBkhZdql-uUQpzL2_j3_djQ-_n7I9ozD-imOpoH_ixDmGy_46-XQbAjj45VDE  
[2023-08-17 22:04:48] local.ALERT: Bearer eyJ0eXAiOiJKV1QiLCJhbGciOiJSUzI1NiIsImp0aSI6IjNmZjAwNjQ4NTdiMTlmMGZlY2Q3ODM2YjY1OTcyNTlkMzRhNzE4ZDA3YmM0ZWY2NmRkMjExMDQyYTFjMTk0OTA4NDBjYzY5MzZjNzVmMDMyIn0.eyJhdWQiOiIyIiwianRpIjoiM2ZmMDA2NDg1N2IxOWYwZmVjZDc4MzZiNjU5NzI1OWQzNGE3MThkMDdiYzRlZjY2ZGQyMTEwNDJhMWMxOTQ5MDg0MGNjNjkzNmM3NWYwMzIiLCJpYXQiOjE2OTIzMDU0MzgsIm5iZiI6MTY5MjMwNTQzOCwiZXhwIjoxNjkyMzkxODM4LCJzdWIiOiIyIiwic2NvcGVzIjpbXX0.abBi7KghJ5TvQGIOS_l7O8yyOP125Y_hLta0J1d55bTRloqaJk5U3R6L9t_YvU6Ux-zC3mIzr7VsP3og8O1HjbfjBCyvSdrGInQ3J2NZAFypvr4uhQwF0WdVY_Pha2T5xs6Pf6zVDXMfnsg_L_FH4NldsTMsjew9KlF9aRFBxCP0RJM9JKkqiC1pRTJEXTMG7PdgTt1319pQvNmUG1KkNFiPRr1aNI3Netyni1R2wFqGX35kowDayDuo8QpTbgPccdDSGlZIVrKy0m9z5zktU8HVUwj1YtpMWyklo-4kZRnb53jaHSTY9eNj7cBnBdKdxZJPgPezU34nxXabPD3NeLhtjZp3VWi0cCSWiiBHud-B2Wa9cRPxnFmBVWeWAylSSVDvNAYynbdoMC-99JlLOAvXTIiMQHRqRX7WJpqZt5-5ePUs1jhu9NYKUg7ez94M-1_GMLGi0Dfv3d7KepY1Lkp3_7FC9_NjGm0XU3lajEIXGq0sninXcdrHlfFKi5aUXSPrPHQ492QcBbb4KqR94Om3szbPO73E2WyEyqtsoFLptnF5SurWQQofjadaEwzjg3vQadY8oGAn9be41dfo0i98EdF3ju7Vbk2Sg_VYyCH4NoDBkhZdql-uUQpzL2_j3_djQ-_n7I9ozD-imOpoH_ixDmGy_46-XQbAjj45VDE  
[2023-08-17 22:04:49] local.ALERT: Bearer eyJ0eXAiOiJKV1QiLCJhbGciOiJSUzI1NiIsImp0aSI6IjNmZjAwNjQ4NTdiMTlmMGZlY2Q3ODM2YjY1OTcyNTlkMzRhNzE4ZDA3YmM0ZWY2NmRkMjExMDQyYTFjMTk0OTA4NDBjYzY5MzZjNzVmMDMyIn0.eyJhdWQiOiIyIiwianRpIjoiM2ZmMDA2NDg1N2IxOWYwZmVjZDc4MzZiNjU5NzI1OWQzNGE3MThkMDdiYzRlZjY2ZGQyMTEwNDJhMWMxOTQ5MDg0MGNjNjkzNmM3NWYwMzIiLCJpYXQiOjE2OTIzMDU0MzgsIm5iZiI6MTY5MjMwNTQzOCwiZXhwIjoxNjkyMzkxODM4LCJzdWIiOiIyIiwic2NvcGVzIjpbXX0.abBi7KghJ5TvQGIOS_l7O8yyOP125Y_hLta0J1d55bTRloqaJk5U3R6L9t_YvU6Ux-zC3mIzr7VsP3og8O1HjbfjBCyvSdrGInQ3J2NZAFypvr4uhQwF0WdVY_Pha2T5xs6Pf6zVDXMfnsg_L_FH4NldsTMsjew9KlF9aRFBxCP0RJM9JKkqiC1pRTJEXTMG7PdgTt1319pQvNmUG1KkNFiPRr1aNI3Netyni1R2wFqGX35kowDayDuo8QpTbgPccdDSGlZIVrKy0m9z5zktU8HVUwj1YtpMWyklo-4kZRnb53jaHSTY9eNj7cBnBdKdxZJPgPezU34nxXabPD3NeLhtjZp3VWi0cCSWiiBHud-B2Wa9cRPxnFmBVWeWAylSSVDvNAYynbdoMC-99JlLOAvXTIiMQHRqRX7WJpqZt5-5ePUs1jhu9NYKUg7ez94M-1_GMLGi0Dfv3d7KepY1Lkp3_7FC9_NjGm0XU3lajEIXGq0sninXcdrHlfFKi5aUXSPrPHQ492QcBbb4KqR94Om3szbPO73E2WyEyqtsoFLptnF5SurWQQofjadaEwzjg3vQadY8oGAn9be41dfo0i98EdF3ju7Vbk2Sg_VYyCH4NoDBkhZdql-uUQpzL2_j3_djQ-_n7I9ozD-imOpoH_ixDmGy_46-XQbAjj45VDE  
[2023-08-17 22:04:50] local.ALERT: Bearer eyJ0eXAiOiJKV1QiLCJhbGciOiJSUzI1NiIsImp0aSI6IjNmZjAwNjQ4NTdiMTlmMGZlY2Q3ODM2YjY1OTcyNTlkMzRhNzE4ZDA3YmM0ZWY2NmRkMjExMDQyYTFjMTk0OTA4NDBjYzY5MzZjNzVmMDMyIn0.eyJhdWQiOiIyIiwianRpIjoiM2ZmMDA2NDg1N2IxOWYwZmVjZDc4MzZiNjU5NzI1OWQzNGE3MThkMDdiYzRlZjY2ZGQyMTEwNDJhMWMxOTQ5MDg0MGNjNjkzNmM3NWYwMzIiLCJpYXQiOjE2OTIzMDU0MzgsIm5iZiI6MTY5MjMwNTQzOCwiZXhwIjoxNjkyMzkxODM4LCJzdWIiOiIyIiwic2NvcGVzIjpbXX0.abBi7KghJ5TvQGIOS_l7O8yyOP125Y_hLta0J1d55bTRloqaJk5U3R6L9t_YvU6Ux-zC3mIzr7VsP3og8O1HjbfjBCyvSdrGInQ3J2NZAFypvr4uhQwF0WdVY_Pha2T5xs6Pf6zVDXMfnsg_L_FH4NldsTMsjew9KlF9aRFBxCP0RJM9JKkqiC1pRTJEXTMG7PdgTt1319pQvNmUG1KkNFiPRr1aNI3Netyni1R2wFqGX35kowDayDuo8QpTbgPccdDSGlZIVrKy0m9z5zktU8HVUwj1YtpMWyklo-4kZRnb53jaHSTY9eNj7cBnBdKdxZJPgPezU34nxXabPD3NeLhtjZp3VWi0cCSWiiBHud-B2Wa9cRPxnFmBVWeWAylSSVDvNAYynbdoMC-99JlLOAvXTIiMQHRqRX7WJpqZt5-5ePUs1jhu9NYKUg7ez94M-1_GMLGi0Dfv3d7KepY1Lkp3_7FC9_NjGm0XU3lajEIXGq0sninXcdrHlfFKi5aUXSPrPHQ492QcBbb4KqR94Om3szbPO73E2WyEyqtsoFLptnF5SurWQQofjadaEwzjg3vQadY8oGAn9be41dfo0i98EdF3ju7Vbk2Sg_VYyCH4NoDBkhZdql-uUQpzL2_j3_djQ-_n7I9ozD-imOpoH_ixDmGy_46-XQbAjj45VDE  
[2023-08-17 22:04:50] local.ALERT: Bearer eyJ0eXAiOiJKV1QiLCJhbGciOiJSUzI1NiIsImp0aSI6IjNmZjAwNjQ4NTdiMTlmMGZlY2Q3ODM2YjY1OTcyNTlkMzRhNzE4ZDA3YmM0ZWY2NmRkMjExMDQyYTFjMTk0OTA4NDBjYzY5MzZjNzVmMDMyIn0.eyJhdWQiOiIyIiwianRpIjoiM2ZmMDA2NDg1N2IxOWYwZmVjZDc4MzZiNjU5NzI1OWQzNGE3MThkMDdiYzRlZjY2ZGQyMTEwNDJhMWMxOTQ5MDg0MGNjNjkzNmM3NWYwMzIiLCJpYXQiOjE2OTIzMDU0MzgsIm5iZiI6MTY5MjMwNTQzOCwiZXhwIjoxNjkyMzkxODM4LCJzdWIiOiIyIiwic2NvcGVzIjpbXX0.abBi7KghJ5TvQGIOS_l7O8yyOP125Y_hLta0J1d55bTRloqaJk5U3R6L9t_YvU6Ux-zC3mIzr7VsP3og8O1HjbfjBCyvSdrGInQ3J2NZAFypvr4uhQwF0WdVY_Pha2T5xs6Pf6zVDXMfnsg_L_FH4NldsTMsjew9KlF9aRFBxCP0RJM9JKkqiC1pRTJEXTMG7PdgTt1319pQvNmUG1KkNFiPRr1aNI3Netyni1R2wFqGX35kowDayDuo8QpTbgPccdDSGlZIVrKy0m9z5zktU8HVUwj1YtpMWyklo-4kZRnb53jaHSTY9eNj7cBnBdKdxZJPgPezU34nxXabPD3NeLhtjZp3VWi0cCSWiiBHud-B2Wa9cRPxnFmBVWeWAylSSVDvNAYynbdoMC-99JlLOAvXTIiMQHRqRX7WJpqZt5-5ePUs1jhu9NYKUg7ez94M-1_GMLGi0Dfv3d7KepY1Lkp3_7FC9_NjGm0XU3lajEIXGq0sninXcdrHlfFKi5aUXSPrPHQ492QcBbb4KqR94Om3szbPO73E2WyEyqtsoFLptnF5SurWQQofjadaEwzjg3vQadY8oGAn9be41dfo0i98EdF3ju7Vbk2Sg_VYyCH4NoDBkhZdql-uUQpzL2_j3_djQ-_n7I9ozD-imOpoH_ixDmGy_46-XQbAjj45VDE  
[2023-08-17 22:04:51] local.ALERT: Bearer eyJ0eXAiOiJKV1QiLCJhbGciOiJSUzI1NiIsImp0aSI6IjNmZjAwNjQ4NTdiMTlmMGZlY2Q3ODM2YjY1OTcyNTlkMzRhNzE4ZDA3YmM0ZWY2NmRkMjExMDQyYTFjMTk0OTA4NDBjYzY5MzZjNzVmMDMyIn0.eyJhdWQiOiIyIiwianRpIjoiM2ZmMDA2NDg1N2IxOWYwZmVjZDc4MzZiNjU5NzI1OWQzNGE3MThkMDdiYzRlZjY2ZGQyMTEwNDJhMWMxOTQ5MDg0MGNjNjkzNmM3NWYwMzIiLCJpYXQiOjE2OTIzMDU0MzgsIm5iZiI6MTY5MjMwNTQzOCwiZXhwIjoxNjkyMzkxODM4LCJzdWIiOiIyIiwic2NvcGVzIjpbXX0.abBi7KghJ5TvQGIOS_l7O8yyOP125Y_hLta0J1d55bTRloqaJk5U3R6L9t_YvU6Ux-zC3mIzr7VsP3og8O1HjbfjBCyvSdrGInQ3J2NZAFypvr4uhQwF0WdVY_Pha2T5xs6Pf6zVDXMfnsg_L_FH4NldsTMsjew9KlF9aRFBxCP0RJM9JKkqiC1pRTJEXTMG7PdgTt1319pQvNmUG1KkNFiPRr1aNI3Netyni1R2wFqGX35kowDayDuo8QpTbgPccdDSGlZIVrKy0m9z5zktU8HVUwj1YtpMWyklo-4kZRnb53jaHSTY9eNj7cBnBdKdxZJPgPezU34nxXabPD3NeLhtjZp3VWi0cCSWiiBHud-B2Wa9cRPxnFmBVWeWAylSSVDvNAYynbdoMC-99JlLOAvXTIiMQHRqRX7WJpqZt5-5ePUs1jhu9NYKUg7ez94M-1_GMLGi0Dfv3d7KepY1Lkp3_7FC9_NjGm0XU3lajEIXGq0sninXcdrHlfFKi5aUXSPrPHQ492QcBbb4KqR94Om3szbPO73E2WyEyqtsoFLptnF5SurWQQofjadaEwzjg3vQadY8oGAn9be41dfo0i98EdF3ju7Vbk2Sg_VYyCH4NoDBkhZdql-uUQpzL2_j3_djQ-_n7I9ozD-imOpoH_ixDmGy_46-XQbAjj45VDE  
[2023-08-17 22:04:51] local.ALERT: Bearer eyJ0eXAiOiJKV1QiLCJhbGciOiJSUzI1NiIsImp0aSI6IjNmZjAwNjQ4NTdiMTlmMGZlY2Q3ODM2YjY1OTcyNTlkMzRhNzE4ZDA3YmM0ZWY2NmRkMjExMDQyYTFjMTk0OTA4NDBjYzY5MzZjNzVmMDMyIn0.eyJhdWQiOiIyIiwianRpIjoiM2ZmMDA2NDg1N2IxOWYwZmVjZDc4MzZiNjU5NzI1OWQzNGE3MThkMDdiYzRlZjY2ZGQyMTEwNDJhMWMxOTQ5MDg0MGNjNjkzNmM3NWYwMzIiLCJpYXQiOjE2OTIzMDU0MzgsIm5iZiI6MTY5MjMwNTQzOCwiZXhwIjoxNjkyMzkxODM4LCJzdWIiOiIyIiwic2NvcGVzIjpbXX0.abBi7KghJ5TvQGIOS_l7O8yyOP125Y_hLta0J1d55bTRloqaJk5U3R6L9t_YvU6Ux-zC3mIzr7VsP3og8O1HjbfjBCyvSdrGInQ3J2NZAFypvr4uhQwF0WdVY_Pha2T5xs6Pf6zVDXMfnsg_L_FH4NldsTMsjew9KlF9aRFBxCP0RJM9JKkqiC1pRTJEXTMG7PdgTt1319pQvNmUG1KkNFiPRr1aNI3Netyni1R2wFqGX35kowDayDuo8QpTbgPccdDSGlZIVrKy0m9z5zktU8HVUwj1YtpMWyklo-4kZRnb53jaHSTY9eNj7cBnBdKdxZJPgPezU34nxXabPD3NeLhtjZp3VWi0cCSWiiBHud-B2Wa9cRPxnFmBVWeWAylSSVDvNAYynbdoMC-99JlLOAvXTIiMQHRqRX7WJpqZt5-5ePUs1jhu9NYKUg7ez94M-1_GMLGi0Dfv3d7KepY1Lkp3_7FC9_NjGm0XU3lajEIXGq0sninXcdrHlfFKi5aUXSPrPHQ492QcBbb4KqR94Om3szbPO73E2WyEyqtsoFLptnF5SurWQQofjadaEwzjg3vQadY8oGAn9be41dfo0i98EdF3ju7Vbk2Sg_VYyCH4NoDBkhZdql-uUQpzL2_j3_djQ-_n7I9ozD-imOpoH_ixDmGy_46-XQbAjj45VDE  
[2023-08-17 22:04:52] local.ALERT: Bearer eyJ0eXAiOiJKV1QiLCJhbGciOiJSUzI1NiIsImp0aSI6IjNmZjAwNjQ4NTdiMTlmMGZlY2Q3ODM2YjY1OTcyNTlkMzRhNzE4ZDA3YmM0ZWY2NmRkMjExMDQyYTFjMTk0OTA4NDBjYzY5MzZjNzVmMDMyIn0.eyJhdWQiOiIyIiwianRpIjoiM2ZmMDA2NDg1N2IxOWYwZmVjZDc4MzZiNjU5NzI1OWQzNGE3MThkMDdiYzRlZjY2ZGQyMTEwNDJhMWMxOTQ5MDg0MGNjNjkzNmM3NWYwMzIiLCJpYXQiOjE2OTIzMDU0MzgsIm5iZiI6MTY5MjMwNTQzOCwiZXhwIjoxNjkyMzkxODM4LCJzdWIiOiIyIiwic2NvcGVzIjpbXX0.abBi7KghJ5TvQGIOS_l7O8yyOP125Y_hLta0J1d55bTRloqaJk5U3R6L9t_YvU6Ux-zC3mIzr7VsP3og8O1HjbfjBCyvSdrGInQ3J2NZAFypvr4uhQwF0WdVY_Pha2T5xs6Pf6zVDXMfnsg_L_FH4NldsTMsjew9KlF9aRFBxCP0RJM9JKkqiC1pRTJEXTMG7PdgTt1319pQvNmUG1KkNFiPRr1aNI3Netyni1R2wFqGX35kowDayDuo8QpTbgPccdDSGlZIVrKy0m9z5zktU8HVUwj1YtpMWyklo-4kZRnb53jaHSTY9eNj7cBnBdKdxZJPgPezU34nxXabPD3NeLhtjZp3VWi0cCSWiiBHud-B2Wa9cRPxnFmBVWeWAylSSVDvNAYynbdoMC-99JlLOAvXTIiMQHRqRX7WJpqZt5-5ePUs1jhu9NYKUg7ez94M-1_GMLGi0Dfv3d7KepY1Lkp3_7FC9_NjGm0XU3lajEIXGq0sninXcdrHlfFKi5aUXSPrPHQ492QcBbb4KqR94Om3szbPO73E2WyEyqtsoFLptnF5SurWQQofjadaEwzjg3vQadY8oGAn9be41dfo0i98EdF3ju7Vbk2Sg_VYyCH4NoDBkhZdql-uUQpzL2_j3_djQ-_n7I9ozD-imOpoH_ixDmGy_46-XQbAjj45VDE  
[2023-08-17 22:04:52] local.ALERT: Bearer eyJ0eXAiOiJKV1QiLCJhbGciOiJSUzI1NiIsImp0aSI6IjNmZjAwNjQ4NTdiMTlmMGZlY2Q3ODM2YjY1OTcyNTlkMzRhNzE4ZDA3YmM0ZWY2NmRkMjExMDQyYTFjMTk0OTA4NDBjYzY5MzZjNzVmMDMyIn0.eyJhdWQiOiIyIiwianRpIjoiM2ZmMDA2NDg1N2IxOWYwZmVjZDc4MzZiNjU5NzI1OWQzNGE3MThkMDdiYzRlZjY2ZGQyMTEwNDJhMWMxOTQ5MDg0MGNjNjkzNmM3NWYwMzIiLCJpYXQiOjE2OTIzMDU0MzgsIm5iZiI6MTY5MjMwNTQzOCwiZXhwIjoxNjkyMzkxODM4LCJzdWIiOiIyIiwic2NvcGVzIjpbXX0.abBi7KghJ5TvQGIOS_l7O8yyOP125Y_hLta0J1d55bTRloqaJk5U3R6L9t_YvU6Ux-zC3mIzr7VsP3og8O1HjbfjBCyvSdrGInQ3J2NZAFypvr4uhQwF0WdVY_Pha2T5xs6Pf6zVDXMfnsg_L_FH4NldsTMsjew9KlF9aRFBxCP0RJM9JKkqiC1pRTJEXTMG7PdgTt1319pQvNmUG1KkNFiPRr1aNI3Netyni1R2wFqGX35kowDayDuo8QpTbgPccdDSGlZIVrKy0m9z5zktU8HVUwj1YtpMWyklo-4kZRnb53jaHSTY9eNj7cBnBdKdxZJPgPezU34nxXabPD3NeLhtjZp3VWi0cCSWiiBHud-B2Wa9cRPxnFmBVWeWAylSSVDvNAYynbdoMC-99JlLOAvXTIiMQHRqRX7WJpqZt5-5ePUs1jhu9NYKUg7ez94M-1_GMLGi0Dfv3d7KepY1Lkp3_7FC9_NjGm0XU3lajEIXGq0sninXcdrHlfFKi5aUXSPrPHQ492QcBbb4KqR94Om3szbPO73E2WyEyqtsoFLptnF5SurWQQofjadaEwzjg3vQadY8oGAn9be41dfo0i98EdF3ju7Vbk2Sg_VYyCH4NoDBkhZdql-uUQpzL2_j3_djQ-_n7I9ozD-imOpoH_ixDmGy_46-XQbAjj45VDE  
[2023-08-17 22:04:53] local.ALERT: Bearer eyJ0eXAiOiJKV1QiLCJhbGciOiJSUzI1NiIsImp0aSI6IjNmZjAwNjQ4NTdiMTlmMGZlY2Q3ODM2YjY1OTcyNTlkMzRhNzE4ZDA3YmM0ZWY2NmRkMjExMDQyYTFjMTk0OTA4NDBjYzY5MzZjNzVmMDMyIn0.eyJhdWQiOiIyIiwianRpIjoiM2ZmMDA2NDg1N2IxOWYwZmVjZDc4MzZiNjU5NzI1OWQzNGE3MThkMDdiYzRlZjY2ZGQyMTEwNDJhMWMxOTQ5MDg0MGNjNjkzNmM3NWYwMzIiLCJpYXQiOjE2OTIzMDU0MzgsIm5iZiI6MTY5MjMwNTQzOCwiZXhwIjoxNjkyMzkxODM4LCJzdWIiOiIyIiwic2NvcGVzIjpbXX0.abBi7KghJ5TvQGIOS_l7O8yyOP125Y_hLta0J1d55bTRloqaJk5U3R6L9t_YvU6Ux-zC3mIzr7VsP3og8O1HjbfjBCyvSdrGInQ3J2NZAFypvr4uhQwF0WdVY_Pha2T5xs6Pf6zVDXMfnsg_L_FH4NldsTMsjew9KlF9aRFBxCP0RJM9JKkqiC1pRTJEXTMG7PdgTt1319pQvNmUG1KkNFiPRr1aNI3Netyni1R2wFqGX35kowDayDuo8QpTbgPccdDSGlZIVrKy0m9z5zktU8HVUwj1YtpMWyklo-4kZRnb53jaHSTY9eNj7cBnBdKdxZJPgPezU34nxXabPD3NeLhtjZp3VWi0cCSWiiBHud-B2Wa9cRPxnFmBVWeWAylSSVDvNAYynbdoMC-99JlLOAvXTIiMQHRqRX7WJpqZt5-5ePUs1jhu9NYKUg7ez94M-1_GMLGi0Dfv3d7KepY1Lkp3_7FC9_NjGm0XU3lajEIXGq0sninXcdrHlfFKi5aUXSPrPHQ492QcBbb4KqR94Om3szbPO73E2WyEyqtsoFLptnF5SurWQQofjadaEwzjg3vQadY8oGAn9be41dfo0i98EdF3ju7Vbk2Sg_VYyCH4NoDBkhZdql-uUQpzL2_j3_djQ-_n7I9ozD-imOpoH_ixDmGy_46-XQbAjj45VDE  
[2023-08-17 22:07:22] local.ALERT: Bearer eyJ0eXAiOiJKV1QiLCJhbGciOiJSUzI1NiIsImp0aSI6IjNmZjAwNjQ4NTdiMTlmMGZlY2Q3ODM2YjY1OTcyNTlkMzRhNzE4ZDA3YmM0ZWY2NmRkMjExMDQyYTFjMTk0OTA4NDBjYzY5MzZjNzVmMDMyIn0.eyJhdWQiOiIyIiwianRpIjoiM2ZmMDA2NDg1N2IxOWYwZmVjZDc4MzZiNjU5NzI1OWQzNGE3MThkMDdiYzRlZjY2ZGQyMTEwNDJhMWMxOTQ5MDg0MGNjNjkzNmM3NWYwMzIiLCJpYXQiOjE2OTIzMDU0MzgsIm5iZiI6MTY5MjMwNTQzOCwiZXhwIjoxNjkyMzkxODM4LCJzdWIiOiIyIiwic2NvcGVzIjpbXX0.abBi7KghJ5TvQGIOS_l7O8yyOP125Y_hLta0J1d55bTRloqaJk5U3R6L9t_YvU6Ux-zC3mIzr7VsP3og8O1HjbfjBCyvSdrGInQ3J2NZAFypvr4uhQwF0WdVY_Pha2T5xs6Pf6zVDXMfnsg_L_FH4NldsTMsjew9KlF9aRFBxCP0RJM9JKkqiC1pRTJEXTMG7PdgTt1319pQvNmUG1KkNFiPRr1aNI3Netyni1R2wFqGX35kowDayDuo8QpTbgPccdDSGlZIVrKy0m9z5zktU8HVUwj1YtpMWyklo-4kZRnb53jaHSTY9eNj7cBnBdKdxZJPgPezU34nxXabPD3NeLhtjZp3VWi0cCSWiiBHud-B2Wa9cRPxnFmBVWeWAylSSVDvNAYynbdoMC-99JlLOAvXTIiMQHRqRX7WJpqZt5-5ePUs1jhu9NYKUg7ez94M-1_GMLGi0Dfv3d7KepY1Lkp3_7FC9_NjGm0XU3lajEIXGq0sninXcdrHlfFKi5aUXSPrPHQ492QcBbb4KqR94Om3szbPO73E2WyEyqtsoFLptnF5SurWQQofjadaEwzjg3vQadY8oGAn9be41dfo0i98EdF3ju7Vbk2Sg_VYyCH4NoDBkhZdql-uUQpzL2_j3_djQ-_n7I9ozD-imOpoH_ixDmGy_46-XQbAjj45VDE  
[2023-08-17 22:09:45] local.ALERT: Bearer eyJ0eXAiOiJKV1QiLCJhbGciOiJSUzI1NiIsImp0aSI6IjNmZjAwNjQ4NTdiMTlmMGZlY2Q3ODM2YjY1OTcyNTlkMzRhNzE4ZDA3YmM0ZWY2NmRkMjExMDQyYTFjMTk0OTA4NDBjYzY5MzZjNzVmMDMyIn0.eyJhdWQiOiIyIiwianRpIjoiM2ZmMDA2NDg1N2IxOWYwZmVjZDc4MzZiNjU5NzI1OWQzNGE3MThkMDdiYzRlZjY2ZGQyMTEwNDJhMWMxOTQ5MDg0MGNjNjkzNmM3NWYwMzIiLCJpYXQiOjE2OTIzMDU0MzgsIm5iZiI6MTY5MjMwNTQzOCwiZXhwIjoxNjkyMzkxODM4LCJzdWIiOiIyIiwic2NvcGVzIjpbXX0.abBi7KghJ5TvQGIOS_l7O8yyOP125Y_hLta0J1d55bTRloqaJk5U3R6L9t_YvU6Ux-zC3mIzr7VsP3og8O1HjbfjBCyvSdrGInQ3J2NZAFypvr4uhQwF0WdVY_Pha2T5xs6Pf6zVDXMfnsg_L_FH4NldsTMsjew9KlF9aRFBxCP0RJM9JKkqiC1pRTJEXTMG7PdgTt1319pQvNmUG1KkNFiPRr1aNI3Netyni1R2wFqGX35kowDayDuo8QpTbgPccdDSGlZIVrKy0m9z5zktU8HVUwj1YtpMWyklo-4kZRnb53jaHSTY9eNj7cBnBdKdxZJPgPezU34nxXabPD3NeLhtjZp3VWi0cCSWiiBHud-B2Wa9cRPxnFmBVWeWAylSSVDvNAYynbdoMC-99JlLOAvXTIiMQHRqRX7WJpqZt5-5ePUs1jhu9NYKUg7ez94M-1_GMLGi0Dfv3d7KepY1Lkp3_7FC9_NjGm0XU3lajEIXGq0sninXcdrHlfFKi5aUXSPrPHQ492QcBbb4KqR94Om3szbPO73E2WyEyqtsoFLptnF5SurWQQofjadaEwzjg3vQadY8oGAn9be41dfo0i98EdF3ju7Vbk2Sg_VYyCH4NoDBkhZdql-uUQpzL2_j3_djQ-_n7I9ozD-imOpoH_ixDmGy_46-XQbAjj45VDE  
[2023-08-17 22:09:50] local.ALERT: Bearer eyJ0eXAiOiJKV1QiLCJhbGciOiJSUzI1NiIsImp0aSI6IjNmZjAwNjQ4NTdiMTlmMGZlY2Q3ODM2YjY1OTcyNTlkMzRhNzE4ZDA3YmM0ZWY2NmRkMjExMDQyYTFjMTk0OTA4NDBjYzY5MzZjNzVmMDMyIn0.eyJhdWQiOiIyIiwianRpIjoiM2ZmMDA2NDg1N2IxOWYwZmVjZDc4MzZiNjU5NzI1OWQzNGE3MThkMDdiYzRlZjY2ZGQyMTEwNDJhMWMxOTQ5MDg0MGNjNjkzNmM3NWYwMzIiLCJpYXQiOjE2OTIzMDU0MzgsIm5iZiI6MTY5MjMwNTQzOCwiZXhwIjoxNjkyMzkxODM4LCJzdWIiOiIyIiwic2NvcGVzIjpbXX0.abBi7KghJ5TvQGIOS_l7O8yyOP125Y_hLta0J1d55bTRloqaJk5U3R6L9t_YvU6Ux-zC3mIzr7VsP3og8O1HjbfjBCyvSdrGInQ3J2NZAFypvr4uhQwF0WdVY_Pha2T5xs6Pf6zVDXMfnsg_L_FH4NldsTMsjew9KlF9aRFBxCP0RJM9JKkqiC1pRTJEXTMG7PdgTt1319pQvNmUG1KkNFiPRr1aNI3Netyni1R2wFqGX35kowDayDuo8QpTbgPccdDSGlZIVrKy0m9z5zktU8HVUwj1YtpMWyklo-4kZRnb53jaHSTY9eNj7cBnBdKdxZJPgPezU34nxXabPD3NeLhtjZp3VWi0cCSWiiBHud-B2Wa9cRPxnFmBVWeWAylSSVDvNAYynbdoMC-99JlLOAvXTIiMQHRqRX7WJpqZt5-5ePUs1jhu9NYKUg7ez94M-1_GMLGi0Dfv3d7KepY1Lkp3_7FC9_NjGm0XU3lajEIXGq0sninXcdrHlfFKi5aUXSPrPHQ492QcBbb4KqR94Om3szbPO73E2WyEyqtsoFLptnF5SurWQQofjadaEwzjg3vQadY8oGAn9be41dfo0i98EdF3ju7Vbk2Sg_VYyCH4NoDBkhZdql-uUQpzL2_j3_djQ-_n7I9ozD-imOpoH_ixDmGy_46-XQbAjj45VDE  
[2023-08-17 22:09:51] local.ALERT: Bearer eyJ0eXAiOiJKV1QiLCJhbGciOiJSUzI1NiIsImp0aSI6IjNmZjAwNjQ4NTdiMTlmMGZlY2Q3ODM2YjY1OTcyNTlkMzRhNzE4ZDA3YmM0ZWY2NmRkMjExMDQyYTFjMTk0OTA4NDBjYzY5MzZjNzVmMDMyIn0.eyJhdWQiOiIyIiwianRpIjoiM2ZmMDA2NDg1N2IxOWYwZmVjZDc4MzZiNjU5NzI1OWQzNGE3MThkMDdiYzRlZjY2ZGQyMTEwNDJhMWMxOTQ5MDg0MGNjNjkzNmM3NWYwMzIiLCJpYXQiOjE2OTIzMDU0MzgsIm5iZiI6MTY5MjMwNTQzOCwiZXhwIjoxNjkyMzkxODM4LCJzdWIiOiIyIiwic2NvcGVzIjpbXX0.abBi7KghJ5TvQGIOS_l7O8yyOP125Y_hLta0J1d55bTRloqaJk5U3R6L9t_YvU6Ux-zC3mIzr7VsP3og8O1HjbfjBCyvSdrGInQ3J2NZAFypvr4uhQwF0WdVY_Pha2T5xs6Pf6zVDXMfnsg_L_FH4NldsTMsjew9KlF9aRFBxCP0RJM9JKkqiC1pRTJEXTMG7PdgTt1319pQvNmUG1KkNFiPRr1aNI3Netyni1R2wFqGX35kowDayDuo8QpTbgPccdDSGlZIVrKy0m9z5zktU8HVUwj1YtpMWyklo-4kZRnb53jaHSTY9eNj7cBnBdKdxZJPgPezU34nxXabPD3NeLhtjZp3VWi0cCSWiiBHud-B2Wa9cRPxnFmBVWeWAylSSVDvNAYynbdoMC-99JlLOAvXTIiMQHRqRX7WJpqZt5-5ePUs1jhu9NYKUg7ez94M-1_GMLGi0Dfv3d7KepY1Lkp3_7FC9_NjGm0XU3lajEIXGq0sninXcdrHlfFKi5aUXSPrPHQ492QcBbb4KqR94Om3szbPO73E2WyEyqtsoFLptnF5SurWQQofjadaEwzjg3vQadY8oGAn9be41dfo0i98EdF3ju7Vbk2Sg_VYyCH4NoDBkhZdql-uUQpzL2_j3_djQ-_n7I9ozD-imOpoH_ixDmGy_46-XQbAjj45VDE  
[2023-08-17 22:09:52] local.ALERT: Bearer eyJ0eXAiOiJKV1QiLCJhbGciOiJSUzI1NiIsImp0aSI6IjNmZjAwNjQ4NTdiMTlmMGZlY2Q3ODM2YjY1OTcyNTlkMzRhNzE4ZDA3YmM0ZWY2NmRkMjExMDQyYTFjMTk0OTA4NDBjYzY5MzZjNzVmMDMyIn0.eyJhdWQiOiIyIiwianRpIjoiM2ZmMDA2NDg1N2IxOWYwZmVjZDc4MzZiNjU5NzI1OWQzNGE3MThkMDdiYzRlZjY2ZGQyMTEwNDJhMWMxOTQ5MDg0MGNjNjkzNmM3NWYwMzIiLCJpYXQiOjE2OTIzMDU0MzgsIm5iZiI6MTY5MjMwNTQzOCwiZXhwIjoxNjkyMzkxODM4LCJzdWIiOiIyIiwic2NvcGVzIjpbXX0.abBi7KghJ5TvQGIOS_l7O8yyOP125Y_hLta0J1d55bTRloqaJk5U3R6L9t_YvU6Ux-zC3mIzr7VsP3og8O1HjbfjBCyvSdrGInQ3J2NZAFypvr4uhQwF0WdVY_Pha2T5xs6Pf6zVDXMfnsg_L_FH4NldsTMsjew9KlF9aRFBxCP0RJM9JKkqiC1pRTJEXTMG7PdgTt1319pQvNmUG1KkNFiPRr1aNI3Netyni1R2wFqGX35kowDayDuo8QpTbgPccdDSGlZIVrKy0m9z5zktU8HVUwj1YtpMWyklo-4kZRnb53jaHSTY9eNj7cBnBdKdxZJPgPezU34nxXabPD3NeLhtjZp3VWi0cCSWiiBHud-B2Wa9cRPxnFmBVWeWAylSSVDvNAYynbdoMC-99JlLOAvXTIiMQHRqRX7WJpqZt5-5ePUs1jhu9NYKUg7ez94M-1_GMLGi0Dfv3d7KepY1Lkp3_7FC9_NjGm0XU3lajEIXGq0sninXcdrHlfFKi5aUXSPrPHQ492QcBbb4KqR94Om3szbPO73E2WyEyqtsoFLptnF5SurWQQofjadaEwzjg3vQadY8oGAn9be41dfo0i98EdF3ju7Vbk2Sg_VYyCH4NoDBkhZdql-uUQpzL2_j3_djQ-_n7I9ozD-imOpoH_ixDmGy_46-XQbAjj45VDE  
[2023-08-17 22:09:54] local.ALERT: Bearer eyJ0eXAiOiJKV1QiLCJhbGciOiJSUzI1NiIsImp0aSI6IjNmZjAwNjQ4NTdiMTlmMGZlY2Q3ODM2YjY1OTcyNTlkMzRhNzE4ZDA3YmM0ZWY2NmRkMjExMDQyYTFjMTk0OTA4NDBjYzY5MzZjNzVmMDMyIn0.eyJhdWQiOiIyIiwianRpIjoiM2ZmMDA2NDg1N2IxOWYwZmVjZDc4MzZiNjU5NzI1OWQzNGE3MThkMDdiYzRlZjY2ZGQyMTEwNDJhMWMxOTQ5MDg0MGNjNjkzNmM3NWYwMzIiLCJpYXQiOjE2OTIzMDU0MzgsIm5iZiI6MTY5MjMwNTQzOCwiZXhwIjoxNjkyMzkxODM4LCJzdWIiOiIyIiwic2NvcGVzIjpbXX0.abBi7KghJ5TvQGIOS_l7O8yyOP125Y_hLta0J1d55bTRloqaJk5U3R6L9t_YvU6Ux-zC3mIzr7VsP3og8O1HjbfjBCyvSdrGInQ3J2NZAFypvr4uhQwF0WdVY_Pha2T5xs6Pf6zVDXMfnsg_L_FH4NldsTMsjew9KlF9aRFBxCP0RJM9JKkqiC1pRTJEXTMG7PdgTt1319pQvNmUG1KkNFiPRr1aNI3Netyni1R2wFqGX35kowDayDuo8QpTbgPccdDSGlZIVrKy0m9z5zktU8HVUwj1YtpMWyklo-4kZRnb53jaHSTY9eNj7cBnBdKdxZJPgPezU34nxXabPD3NeLhtjZp3VWi0cCSWiiBHud-B2Wa9cRPxnFmBVWeWAylSSVDvNAYynbdoMC-99JlLOAvXTIiMQHRqRX7WJpqZt5-5ePUs1jhu9NYKUg7ez94M-1_GMLGi0Dfv3d7KepY1Lkp3_7FC9_NjGm0XU3lajEIXGq0sninXcdrHlfFKi5aUXSPrPHQ492QcBbb4KqR94Om3szbPO73E2WyEyqtsoFLptnF5SurWQQofjadaEwzjg3vQadY8oGAn9be41dfo0i98EdF3ju7Vbk2Sg_VYyCH4NoDBkhZdql-uUQpzL2_j3_djQ-_n7I9ozD-imOpoH_ixDmGy_46-XQbAjj45VDE  
[2023-08-17 22:09:54] local.ALERT: Bearer eyJ0eXAiOiJKV1QiLCJhbGciOiJSUzI1NiIsImp0aSI6IjNmZjAwNjQ4NTdiMTlmMGZlY2Q3ODM2YjY1OTcyNTlkMzRhNzE4ZDA3YmM0ZWY2NmRkMjExMDQyYTFjMTk0OTA4NDBjYzY5MzZjNzVmMDMyIn0.eyJhdWQiOiIyIiwianRpIjoiM2ZmMDA2NDg1N2IxOWYwZmVjZDc4MzZiNjU5NzI1OWQzNGE3MThkMDdiYzRlZjY2ZGQyMTEwNDJhMWMxOTQ5MDg0MGNjNjkzNmM3NWYwMzIiLCJpYXQiOjE2OTIzMDU0MzgsIm5iZiI6MTY5MjMwNTQzOCwiZXhwIjoxNjkyMzkxODM4LCJzdWIiOiIyIiwic2NvcGVzIjpbXX0.abBi7KghJ5TvQGIOS_l7O8yyOP125Y_hLta0J1d55bTRloqaJk5U3R6L9t_YvU6Ux-zC3mIzr7VsP3og8O1HjbfjBCyvSdrGInQ3J2NZAFypvr4uhQwF0WdVY_Pha2T5xs6Pf6zVDXMfnsg_L_FH4NldsTMsjew9KlF9aRFBxCP0RJM9JKkqiC1pRTJEXTMG7PdgTt1319pQvNmUG1KkNFiPRr1aNI3Netyni1R2wFqGX35kowDayDuo8QpTbgPccdDSGlZIVrKy0m9z5zktU8HVUwj1YtpMWyklo-4kZRnb53jaHSTY9eNj7cBnBdKdxZJPgPezU34nxXabPD3NeLhtjZp3VWi0cCSWiiBHud-B2Wa9cRPxnFmBVWeWAylSSVDvNAYynbdoMC-99JlLOAvXTIiMQHRqRX7WJpqZt5-5ePUs1jhu9NYKUg7ez94M-1_GMLGi0Dfv3d7KepY1Lkp3_7FC9_NjGm0XU3lajEIXGq0sninXcdrHlfFKi5aUXSPrPHQ492QcBbb4KqR94Om3szbPO73E2WyEyqtsoFLptnF5SurWQQofjadaEwzjg3vQadY8oGAn9be41dfo0i98EdF3ju7Vbk2Sg_VYyCH4NoDBkhZdql-uUQpzL2_j3_djQ-_n7I9ozD-imOpoH_ixDmGy_46-XQbAjj45VDE  
[2023-08-17 22:09:57] local.ALERT: Bearer eyJ0eXAiOiJKV1QiLCJhbGciOiJSUzI1NiIsImp0aSI6IjNmZjAwNjQ4NTdiMTlmMGZlY2Q3ODM2YjY1OTcyNTlkMzRhNzE4ZDA3YmM0ZWY2NmRkMjExMDQyYTFjMTk0OTA4NDBjYzY5MzZjNzVmMDMyIn0.eyJhdWQiOiIyIiwianRpIjoiM2ZmMDA2NDg1N2IxOWYwZmVjZDc4MzZiNjU5NzI1OWQzNGE3MThkMDdiYzRlZjY2ZGQyMTEwNDJhMWMxOTQ5MDg0MGNjNjkzNmM3NWYwMzIiLCJpYXQiOjE2OTIzMDU0MzgsIm5iZiI6MTY5MjMwNTQzOCwiZXhwIjoxNjkyMzkxODM4LCJzdWIiOiIyIiwic2NvcGVzIjpbXX0.abBi7KghJ5TvQGIOS_l7O8yyOP125Y_hLta0J1d55bTRloqaJk5U3R6L9t_YvU6Ux-zC3mIzr7VsP3og8O1HjbfjBCyvSdrGInQ3J2NZAFypvr4uhQwF0WdVY_Pha2T5xs6Pf6zVDXMfnsg_L_FH4NldsTMsjew9KlF9aRFBxCP0RJM9JKkqiC1pRTJEXTMG7PdgTt1319pQvNmUG1KkNFiPRr1aNI3Netyni1R2wFqGX35kowDayDuo8QpTbgPccdDSGlZIVrKy0m9z5zktU8HVUwj1YtpMWyklo-4kZRnb53jaHSTY9eNj7cBnBdKdxZJPgPezU34nxXabPD3NeLhtjZp3VWi0cCSWiiBHud-B2Wa9cRPxnFmBVWeWAylSSVDvNAYynbdoMC-99JlLOAvXTIiMQHRqRX7WJpqZt5-5ePUs1jhu9NYKUg7ez94M-1_GMLGi0Dfv3d7KepY1Lkp3_7FC9_NjGm0XU3lajEIXGq0sninXcdrHlfFKi5aUXSPrPHQ492QcBbb4KqR94Om3szbPO73E2WyEyqtsoFLptnF5SurWQQofjadaEwzjg3vQadY8oGAn9be41dfo0i98EdF3ju7Vbk2Sg_VYyCH4NoDBkhZdql-uUQpzL2_j3_djQ-_n7I9ozD-imOpoH_ixDmGy_46-XQbAjj45VDE  
[2023-08-17 22:09:57] local.ALERT: Bearer eyJ0eXAiOiJKV1QiLCJhbGciOiJSUzI1NiIsImp0aSI6IjNmZjAwNjQ4NTdiMTlmMGZlY2Q3ODM2YjY1OTcyNTlkMzRhNzE4ZDA3YmM0ZWY2NmRkMjExMDQyYTFjMTk0OTA4NDBjYzY5MzZjNzVmMDMyIn0.eyJhdWQiOiIyIiwianRpIjoiM2ZmMDA2NDg1N2IxOWYwZmVjZDc4MzZiNjU5NzI1OWQzNGE3MThkMDdiYzRlZjY2ZGQyMTEwNDJhMWMxOTQ5MDg0MGNjNjkzNmM3NWYwMzIiLCJpYXQiOjE2OTIzMDU0MzgsIm5iZiI6MTY5MjMwNTQzOCwiZXhwIjoxNjkyMzkxODM4LCJzdWIiOiIyIiwic2NvcGVzIjpbXX0.abBi7KghJ5TvQGIOS_l7O8yyOP125Y_hLta0J1d55bTRloqaJk5U3R6L9t_YvU6Ux-zC3mIzr7VsP3og8O1HjbfjBCyvSdrGInQ3J2NZAFypvr4uhQwF0WdVY_Pha2T5xs6Pf6zVDXMfnsg_L_FH4NldsTMsjew9KlF9aRFBxCP0RJM9JKkqiC1pRTJEXTMG7PdgTt1319pQvNmUG1KkNFiPRr1aNI3Netyni1R2wFqGX35kowDayDuo8QpTbgPccdDSGlZIVrKy0m9z5zktU8HVUwj1YtpMWyklo-4kZRnb53jaHSTY9eNj7cBnBdKdxZJPgPezU34nxXabPD3NeLhtjZp3VWi0cCSWiiBHud-B2Wa9cRPxnFmBVWeWAylSSVDvNAYynbdoMC-99JlLOAvXTIiMQHRqRX7WJpqZt5-5ePUs1jhu9NYKUg7ez94M-1_GMLGi0Dfv3d7KepY1Lkp3_7FC9_NjGm0XU3lajEIXGq0sninXcdrHlfFKi5aUXSPrPHQ492QcBbb4KqR94Om3szbPO73E2WyEyqtsoFLptnF5SurWQQofjadaEwzjg3vQadY8oGAn9be41dfo0i98EdF3ju7Vbk2Sg_VYyCH4NoDBkhZdql-uUQpzL2_j3_djQ-_n7I9ozD-imOpoH_ixDmGy_46-XQbAjj45VDE  
[2023-08-17 22:09:57] local.ALERT: Bearer eyJ0eXAiOiJKV1QiLCJhbGciOiJSUzI1NiIsImp0aSI6IjNmZjAwNjQ4NTdiMTlmMGZlY2Q3ODM2YjY1OTcyNTlkMzRhNzE4ZDA3YmM0ZWY2NmRkMjExMDQyYTFjMTk0OTA4NDBjYzY5MzZjNzVmMDMyIn0.eyJhdWQiOiIyIiwianRpIjoiM2ZmMDA2NDg1N2IxOWYwZmVjZDc4MzZiNjU5NzI1OWQzNGE3MThkMDdiYzRlZjY2ZGQyMTEwNDJhMWMxOTQ5MDg0MGNjNjkzNmM3NWYwMzIiLCJpYXQiOjE2OTIzMDU0MzgsIm5iZiI6MTY5MjMwNTQzOCwiZXhwIjoxNjkyMzkxODM4LCJzdWIiOiIyIiwic2NvcGVzIjpbXX0.abBi7KghJ5TvQGIOS_l7O8yyOP125Y_hLta0J1d55bTRloqaJk5U3R6L9t_YvU6Ux-zC3mIzr7VsP3og8O1HjbfjBCyvSdrGInQ3J2NZAFypvr4uhQwF0WdVY_Pha2T5xs6Pf6zVDXMfnsg_L_FH4NldsTMsjew9KlF9aRFBxCP0RJM9JKkqiC1pRTJEXTMG7PdgTt1319pQvNmUG1KkNFiPRr1aNI3Netyni1R2wFqGX35kowDayDuo8QpTbgPccdDSGlZIVrKy0m9z5zktU8HVUwj1YtpMWyklo-4kZRnb53jaHSTY9eNj7cBnBdKdxZJPgPezU34nxXabPD3NeLhtjZp3VWi0cCSWiiBHud-B2Wa9cRPxnFmBVWeWAylSSVDvNAYynbdoMC-99JlLOAvXTIiMQHRqRX7WJpqZt5-5ePUs1jhu9NYKUg7ez94M-1_GMLGi0Dfv3d7KepY1Lkp3_7FC9_NjGm0XU3lajEIXGq0sninXcdrHlfFKi5aUXSPrPHQ492QcBbb4KqR94Om3szbPO73E2WyEyqtsoFLptnF5SurWQQofjadaEwzjg3vQadY8oGAn9be41dfo0i98EdF3ju7Vbk2Sg_VYyCH4NoDBkhZdql-uUQpzL2_j3_djQ-_n7I9ozD-imOpoH_ixDmGy_46-XQbAjj45VDE  
[2023-08-17 22:09:58] local.ALERT: Bearer eyJ0eXAiOiJKV1QiLCJhbGciOiJSUzI1NiIsImp0aSI6IjNmZjAwNjQ4NTdiMTlmMGZlY2Q3ODM2YjY1OTcyNTlkMzRhNzE4ZDA3YmM0ZWY2NmRkMjExMDQyYTFjMTk0OTA4NDBjYzY5MzZjNzVmMDMyIn0.eyJhdWQiOiIyIiwianRpIjoiM2ZmMDA2NDg1N2IxOWYwZmVjZDc4MzZiNjU5NzI1OWQzNGE3MThkMDdiYzRlZjY2ZGQyMTEwNDJhMWMxOTQ5MDg0MGNjNjkzNmM3NWYwMzIiLCJpYXQiOjE2OTIzMDU0MzgsIm5iZiI6MTY5MjMwNTQzOCwiZXhwIjoxNjkyMzkxODM4LCJzdWIiOiIyIiwic2NvcGVzIjpbXX0.abBi7KghJ5TvQGIOS_l7O8yyOP125Y_hLta0J1d55bTRloqaJk5U3R6L9t_YvU6Ux-zC3mIzr7VsP3og8O1HjbfjBCyvSdrGInQ3J2NZAFypvr4uhQwF0WdVY_Pha2T5xs6Pf6zVDXMfnsg_L_FH4NldsTMsjew9KlF9aRFBxCP0RJM9JKkqiC1pRTJEXTMG7PdgTt1319pQvNmUG1KkNFiPRr1aNI3Netyni1R2wFqGX35kowDayDuo8QpTbgPccdDSGlZIVrKy0m9z5zktU8HVUwj1YtpMWyklo-4kZRnb53jaHSTY9eNj7cBnBdKdxZJPgPezU34nxXabPD3NeLhtjZp3VWi0cCSWiiBHud-B2Wa9cRPxnFmBVWeWAylSSVDvNAYynbdoMC-99JlLOAvXTIiMQHRqRX7WJpqZt5-5ePUs1jhu9NYKUg7ez94M-1_GMLGi0Dfv3d7KepY1Lkp3_7FC9_NjGm0XU3lajEIXGq0sninXcdrHlfFKi5aUXSPrPHQ492QcBbb4KqR94Om3szbPO73E2WyEyqtsoFLptnF5SurWQQofjadaEwzjg3vQadY8oGAn9be41dfo0i98EdF3ju7Vbk2Sg_VYyCH4NoDBkhZdql-uUQpzL2_j3_djQ-_n7I9ozD-imOpoH_ixDmGy_46-XQbAjj45VDE  
[2023-08-17 22:09:58] local.ALERT: Bearer eyJ0eXAiOiJKV1QiLCJhbGciOiJSUzI1NiIsImp0aSI6IjNmZjAwNjQ4NTdiMTlmMGZlY2Q3ODM2YjY1OTcyNTlkMzRhNzE4ZDA3YmM0ZWY2NmRkMjExMDQyYTFjMTk0OTA4NDBjYzY5MzZjNzVmMDMyIn0.eyJhdWQiOiIyIiwianRpIjoiM2ZmMDA2NDg1N2IxOWYwZmVjZDc4MzZiNjU5NzI1OWQzNGE3MThkMDdiYzRlZjY2ZGQyMTEwNDJhMWMxOTQ5MDg0MGNjNjkzNmM3NWYwMzIiLCJpYXQiOjE2OTIzMDU0MzgsIm5iZiI6MTY5MjMwNTQzOCwiZXhwIjoxNjkyMzkxODM4LCJzdWIiOiIyIiwic2NvcGVzIjpbXX0.abBi7KghJ5TvQGIOS_l7O8yyOP125Y_hLta0J1d55bTRloqaJk5U3R6L9t_YvU6Ux-zC3mIzr7VsP3og8O1HjbfjBCyvSdrGInQ3J2NZAFypvr4uhQwF0WdVY_Pha2T5xs6Pf6zVDXMfnsg_L_FH4NldsTMsjew9KlF9aRFBxCP0RJM9JKkqiC1pRTJEXTMG7PdgTt1319pQvNmUG1KkNFiPRr1aNI3Netyni1R2wFqGX35kowDayDuo8QpTbgPccdDSGlZIVrKy0m9z5zktU8HVUwj1YtpMWyklo-4kZRnb53jaHSTY9eNj7cBnBdKdxZJPgPezU34nxXabPD3NeLhtjZp3VWi0cCSWiiBHud-B2Wa9cRPxnFmBVWeWAylSSVDvNAYynbdoMC-99JlLOAvXTIiMQHRqRX7WJpqZt5-5ePUs1jhu9NYKUg7ez94M-1_GMLGi0Dfv3d7KepY1Lkp3_7FC9_NjGm0XU3lajEIXGq0sninXcdrHlfFKi5aUXSPrPHQ492QcBbb4KqR94Om3szbPO73E2WyEyqtsoFLptnF5SurWQQofjadaEwzjg3vQadY8oGAn9be41dfo0i98EdF3ju7Vbk2Sg_VYyCH4NoDBkhZdql-uUQpzL2_j3_djQ-_n7I9ozD-imOpoH_ixDmGy_46-XQbAjj45VDE  
[2023-08-17 22:16:46] local.ALERT: Bearer eyJ0eXAiOiJKV1QiLCJhbGciOiJSUzI1NiIsImp0aSI6IjNmZjAwNjQ4NTdiMTlmMGZlY2Q3ODM2YjY1OTcyNTlkMzRhNzE4ZDA3YmM0ZWY2NmRkMjExMDQyYTFjMTk0OTA4NDBjYzY5MzZjNzVmMDMyIn0.eyJhdWQiOiIyIiwianRpIjoiM2ZmMDA2NDg1N2IxOWYwZmVjZDc4MzZiNjU5NzI1OWQzNGE3MThkMDdiYzRlZjY2ZGQyMTEwNDJhMWMxOTQ5MDg0MGNjNjkzNmM3NWYwMzIiLCJpYXQiOjE2OTIzMDU0MzgsIm5iZiI6MTY5MjMwNTQzOCwiZXhwIjoxNjkyMzkxODM4LCJzdWIiOiIyIiwic2NvcGVzIjpbXX0.abBi7KghJ5TvQGIOS_l7O8yyOP125Y_hLta0J1d55bTRloqaJk5U3R6L9t_YvU6Ux-zC3mIzr7VsP3og8O1HjbfjBCyvSdrGInQ3J2NZAFypvr4uhQwF0WdVY_Pha2T5xs6Pf6zVDXMfnsg_L_FH4NldsTMsjew9KlF9aRFBxCP0RJM9JKkqiC1pRTJEXTMG7PdgTt1319pQvNmUG1KkNFiPRr1aNI3Netyni1R2wFqGX35kowDayDuo8QpTbgPccdDSGlZIVrKy0m9z5zktU8HVUwj1YtpMWyklo-4kZRnb53jaHSTY9eNj7cBnBdKdxZJPgPezU34nxXabPD3NeLhtjZp3VWi0cCSWiiBHud-B2Wa9cRPxnFmBVWeWAylSSVDvNAYynbdoMC-99JlLOAvXTIiMQHRqRX7WJpqZt5-5ePUs1jhu9NYKUg7ez94M-1_GMLGi0Dfv3d7KepY1Lkp3_7FC9_NjGm0XU3lajEIXGq0sninXcdrHlfFKi5aUXSPrPHQ492QcBbb4KqR94Om3szbPO73E2WyEyqtsoFLptnF5SurWQQofjadaEwzjg3vQadY8oGAn9be41dfo0i98EdF3ju7Vbk2Sg_VYyCH4NoDBkhZdql-uUQpzL2_j3_djQ-_n7I9ozD-imOpoH_ixDmGy_46-XQbAjj45VDE  
